2022-06-30 09:50:08.026  INFO 33420 --- [restartedMain] c.d.admin.DevelopBackEndApplication      : Starting DevelopBackEndApplication using Java 17.0.2 on Admin with PID 33420 (E:\nghia\Developer\developer\DevelopWebParent\DevelopBackEnd\target\classes started by Nghia in E:\nghia\Developer\developer\DevelopWebParent\DevelopBackEnd)
2022-06-30 09:50:08.026  INFO 33420 --- [restartedMain] c.d.admin.DevelopBackEndApplication      : No active profile set, falling back to 1 default profile: "default"
2022-06-30 09:50:08.133  INFO 33420 --- [restartedMain] .s.d.r.c.RepositoryConfigurationDelegate : Bootstrapping Spring Data JPA repositories in DEFAULT mode.
2022-06-30 09:50:08.143  INFO 33420 --- [restartedMain] .s.d.r.c.RepositoryConfigurationDelegate : Finished Spring Data repository scanning in 8 ms. Found 5 JPA repository interfaces.
2022-06-30 09:50:08.198  INFO 33420 --- [restartedMain] o.s.b.w.embedded.tomcat.TomcatWebServer  : Tomcat initialized with port(s): 8080 (http)
2022-06-30 09:50:08.199  INFO 33420 --- [restartedMain] o.apache.catalina.core.StandardService   : Starting service [Tomcat]
2022-06-30 09:50:08.199  INFO 33420 --- [restartedMain] org.apache.catalina.core.StandardEngine  : Starting Servlet engine: [Apache Tomcat/9.0.63]
2022-06-30 09:50:08.215  INFO 33420 --- [restartedMain] o.a.c.c.C.[.[localhost].[/DevelopAdmin]  : Initializing Spring embedded WebApplicationContext
2022-06-30 09:50:08.216  INFO 33420 --- [restartedMain] w.s.c.ServletWebServerApplicationContext : Root WebApplicationContext: initialization completed in 188 ms
2022-06-30 09:50:08.260  INFO 33420 --- [restartedMain] o.hibernate.jpa.internal.util.LogHelper  : HHH000204: Processing PersistenceUnitInfo [name: default]
2022-06-30 09:50:08.265  INFO 33420 --- [restartedMain] com.zaxxer.hikari.HikariDataSource       : HikariPool-17 - Starting...
2022-06-30 09:50:08.275  INFO 33420 --- [restartedMain] com.zaxxer.hikari.HikariDataSource       : HikariPool-17 - Start completed.
2022-06-30 09:50:08.275  INFO 33420 --- [restartedMain] org.hibernate.dialect.Dialect            : HHH000400: Using dialect: org.hibernate.dialect.MySQL8Dialect
2022-06-30 09:50:08.335  INFO 33420 --- [restartedMain] o.h.e.t.j.p.i.JtaPlatformInitiator       : HHH000490: Using JtaPlatform implementation: [org.hibernate.engine.transaction.jta.platform.internal.NoJtaPlatform]
2022-06-30 09:50:08.336  INFO 33420 --- [restartedMain] j.LocalContainerEntityManagerFactoryBean : Initialized JPA EntityManagerFactory for persistence unit 'default'
2022-06-30 09:50:08.349  WARN 33420 --- [restartedMain] JpaBaseConfiguration$JpaWebConfiguration : spring.jpa.open-in-view is enabled by default. Therefore, database queries may be performed during view rendering. Explicitly configure spring.jpa.open-in-view to disable this warning
2022-06-30 09:50:08.423  WARN 33420 --- [restartedMain] o.s.s.c.a.web.builders.WebSecurity       : You are asking Spring Security to ignore Ant [pattern='/css/**']. This is not recommended -- please use permitAll via HttpSecurity#authorizeHttpRequests instead.
2022-06-30 09:50:08.423  INFO 33420 --- [restartedMain] o.s.s.web.DefaultSecurityFilterChain     : Will not secure Ant [pattern='/css/**']
2022-06-30 09:50:08.424  WARN 33420 --- [restartedMain] o.s.s.c.a.web.builders.WebSecurity       : You are asking Spring Security to ignore Ant [pattern='/fonts/**']. This is not recommended -- please use permitAll via HttpSecurity#authorizeHttpRequests instead.
2022-06-30 09:50:08.424  INFO 33420 --- [restartedMain] o.s.s.web.DefaultSecurityFilterChain     : Will not secure Ant [pattern='/fonts/**']
2022-06-30 09:50:08.424  WARN 33420 --- [restartedMain] o.s.s.c.a.web.builders.WebSecurity       : You are asking Spring Security to ignore Ant [pattern='/images/**']. This is not recommended -- please use permitAll via HttpSecurity#authorizeHttpRequests instead.
2022-06-30 09:50:08.424  INFO 33420 --- [restartedMain] o.s.s.web.DefaultSecurityFilterChain     : Will not secure Ant [pattern='/images/**']
2022-06-30 09:50:08.424  WARN 33420 --- [restartedMain] o.s.s.c.a.web.builders.WebSecurity       : You are asking Spring Security to ignore Ant [pattern='/js/**']. This is not recommended -- please use permitAll via HttpSecurity#authorizeHttpRequests instead.
2022-06-30 09:50:08.424  INFO 33420 --- [restartedMain] o.s.s.web.DefaultSecurityFilterChain     : Will not secure Ant [pattern='/js/**']
2022-06-30 09:50:08.424  WARN 33420 --- [restartedMain] o.s.s.c.a.web.builders.WebSecurity       : You are asking Spring Security to ignore Ant [pattern='/vendor/**']. This is not recommended -- please use permitAll via HttpSecurity#authorizeHttpRequests instead.
2022-06-30 09:50:08.424  INFO 33420 --- [restartedMain] o.s.s.web.DefaultSecurityFilterChain     : Will not secure Ant [pattern='/vendor/**']
2022-06-30 09:50:08.424  WARN 33420 --- [restartedMain] o.s.s.c.a.web.builders.WebSecurity       : You are asking Spring Security to ignore Ant [pattern='/webjars/**']. This is not recommended -- please use permitAll via HttpSecurity#authorizeHttpRequests instead.
2022-06-30 09:50:08.425  INFO 33420 --- [restartedMain] o.s.s.web.DefaultSecurityFilterChain     : Will not secure Ant [pattern='/webjars/**']
2022-06-30 09:50:08.431  INFO 33420 --- [restartedMain] o.s.s.web.DefaultSecurityFilterChain     : Will secure any request with [org.springframework.security.web.session.DisableEncodeUrlFilter@15517d4b, org.springframework.security.web.context.request.async.WebAsyncManagerIntegrationFilter@110eac59, org.springframework.security.web.context.SecurityContextPersistenceFilter@4697ebf, org.springframework.security.web.header.HeaderWriterFilter@4e8af4fe, org.springframework.security.web.csrf.CsrfFilter@48943efb, org.springframework.security.web.authentication.logout.LogoutFilter@6c118500, org.springframework.security.web.authentication.UsernamePasswordAuthenticationFilter@63350971, org.springframework.security.web.savedrequest.RequestCacheAwareFilter@48577485, org.springframework.security.web.servletapi.SecurityContextHolderAwareRequestFilter@51e34475, org.springframework.security.web.authentication.rememberme.RememberMeAuthenticationFilter@36cb992, org.springframework.security.web.authentication.AnonymousAuthenticationFilter@5abb5188, org.springframework.security.web.session.SessionManagementFilter@6de3e61e, org.springframework.security.web.access.ExceptionTranslationFilter@48f0804f, org.springframework.security.web.access.intercept.AuthorizationFilter@541a0830]
2022-06-30 09:50:08.461  INFO 33420 --- [restartedMain] o.s.b.a.w.s.WelcomePageHandlerMapping    : Adding welcome page template: index
2022-06-30 09:50:08.758  INFO 33420 --- [restartedMain] o.s.b.d.a.OptionalLiveReloadServer       : LiveReload server is running on port 35729
2022-06-30 09:50:08.767  INFO 33420 --- [restartedMain] o.s.b.w.embedded.tomcat.TomcatWebServer  : Tomcat started on port(s): 8080 (http) with context path '/DevelopAdmin'
2022-06-30 09:50:08.771  INFO 33420 --- [restartedMain] c.d.admin.DevelopBackEndApplication      : Started DevelopBackEndApplication in 0.771 seconds (JVM running for 1651.343)
2022-06-30 09:50:08.773  INFO 33420 --- [restartedMain] .ConditionEvaluationDeltaLoggingListener : Condition evaluation unchanged
2022-06-30 09:50:13.273  INFO 33420 --- [RMI TCP Connection(39)-127.0.0.1] inMXBeanRegistrar$SpringApplicationAdmin : Application shutdown requested.
2022-06-30 09:50:13.291  INFO 33420 --- [RMI TCP Connection(39)-127.0.0.1] j.LocalContainerEntityManagerFactoryBean : Closing JPA EntityManagerFactory for persistence unit 'default'
2022-06-30 09:50:13.291  INFO 33420 --- [RMI TCP Connection(39)-127.0.0.1] com.zaxxer.hikari.HikariDataSource       : HikariPool-17 - Shutdown initiated...
2022-06-30 09:50:13.293  INFO 33420 --- [RMI TCP Connection(39)-127.0.0.1] com.zaxxer.hikari.HikariDataSource       : HikariPool-17 - Shutdown completed.
2022-06-30 09:51:28.542  INFO 17724 --- [restartedMain] c.d.admin.DevelopBackEndApplication      : Starting DevelopBackEndApplication using Java 17.0.2 on Admin with PID 17724 (E:\nghia\Developer\developer\DevelopWebParent\DevelopBackEnd\target\classes started by Nghia in E:\nghia\Developer\developer\DevelopWebParent\DevelopBackEnd)
2022-06-30 09:51:28.543  INFO 17724 --- [restartedMain] c.d.admin.DevelopBackEndApplication      : No active profile set, falling back to 1 default profile: "default"
2022-06-30 09:51:28.581  INFO 17724 --- [restartedMain] .e.DevToolsPropertyDefaultsPostProcessor : Devtools property defaults active! Set 'spring.devtools.add-properties' to 'false' to disable
2022-06-30 09:51:28.581  INFO 17724 --- [restartedMain] .e.DevToolsPropertyDefaultsPostProcessor : For additional web related logging consider setting the 'logging.level.web' property to 'DEBUG'
2022-06-30 09:51:29.016  INFO 17724 --- [restartedMain] .s.d.r.c.RepositoryConfigurationDelegate : Bootstrapping Spring Data JPA repositories in DEFAULT mode.
2022-06-30 09:51:29.058  INFO 17724 --- [restartedMain] .s.d.r.c.RepositoryConfigurationDelegate : Finished Spring Data repository scanning in 36 ms. Found 5 JPA repository interfaces.
2022-06-30 09:51:29.480  INFO 17724 --- [restartedMain] o.s.b.w.embedded.tomcat.TomcatWebServer  : Tomcat initialized with port(s): 8080 (http)
2022-06-30 09:51:29.487  INFO 17724 --- [restartedMain] o.apache.catalina.core.StandardService   : Starting service [Tomcat]
2022-06-30 09:51:29.487  INFO 17724 --- [restartedMain] org.apache.catalina.core.StandardEngine  : Starting Servlet engine: [Apache Tomcat/9.0.63]
2022-06-30 09:51:29.555  INFO 17724 --- [restartedMain] o.a.c.c.C.[.[localhost].[/DevelopAdmin]  : Initializing Spring embedded WebApplicationContext
2022-06-30 09:51:29.555  INFO 17724 --- [restartedMain] w.s.c.ServletWebServerApplicationContext : Root WebApplicationContext: initialization completed in 974 ms
2022-06-30 09:51:29.705  INFO 17724 --- [restartedMain] o.hibernate.jpa.internal.util.LogHelper  : HHH000204: Processing PersistenceUnitInfo [name: default]
2022-06-30 09:51:29.743  INFO 17724 --- [restartedMain] org.hibernate.Version                    : HHH000412: Hibernate ORM core version 5.6.9.Final
2022-06-30 09:51:29.866  INFO 17724 --- [restartedMain] o.hibernate.annotations.common.Version   : HCANN000001: Hibernate Commons Annotations {5.1.2.Final}
2022-06-30 09:51:29.946  INFO 17724 --- [restartedMain] com.zaxxer.hikari.HikariDataSource       : HikariPool-1 - Starting...
2022-06-30 09:51:30.180  INFO 17724 --- [restartedMain] com.zaxxer.hikari.HikariDataSource       : HikariPool-1 - Start completed.
2022-06-30 09:51:30.192  INFO 17724 --- [restartedMain] org.hibernate.dialect.Dialect            : HHH000400: Using dialect: org.hibernate.dialect.MySQL8Dialect
2022-06-30 09:51:30.743  INFO 17724 --- [restartedMain] o.h.e.t.j.p.i.JtaPlatformInitiator       : HHH000490: Using JtaPlatform implementation: [org.hibernate.engine.transaction.jta.platform.internal.NoJtaPlatform]
2022-06-30 09:51:30.750  INFO 17724 --- [restartedMain] j.LocalContainerEntityManagerFactoryBean : Initialized JPA EntityManagerFactory for persistence unit 'default'
2022-06-30 09:51:30.781  WARN 17724 --- [restartedMain] JpaBaseConfiguration$JpaWebConfiguration : spring.jpa.open-in-view is enabled by default. Therefore, database queries may be performed during view rendering. Explicitly configure spring.jpa.open-in-view to disable this warning
2022-06-30 09:51:31.222  WARN 17724 --- [restartedMain] o.s.s.c.a.web.builders.WebSecurity       : You are asking Spring Security to ignore Ant [pattern='/css/**']. This is not recommended -- please use permitAll via HttpSecurity#authorizeHttpRequests instead.
2022-06-30 09:51:31.223  INFO 17724 --- [restartedMain] o.s.s.web.DefaultSecurityFilterChain     : Will not secure Ant [pattern='/css/**']
2022-06-30 09:51:31.223  WARN 17724 --- [restartedMain] o.s.s.c.a.web.builders.WebSecurity       : You are asking Spring Security to ignore Ant [pattern='/fonts/**']. This is not recommended -- please use permitAll via HttpSecurity#authorizeHttpRequests instead.
2022-06-30 09:51:31.223  INFO 17724 --- [restartedMain] o.s.s.web.DefaultSecurityFilterChain     : Will not secure Ant [pattern='/fonts/**']
2022-06-30 09:51:31.223  WARN 17724 --- [restartedMain] o.s.s.c.a.web.builders.WebSecurity       : You are asking Spring Security to ignore Ant [pattern='/images/**']. This is not recommended -- please use permitAll via HttpSecurity#authorizeHttpRequests instead.
2022-06-30 09:51:31.223  INFO 17724 --- [restartedMain] o.s.s.web.DefaultSecurityFilterChain     : Will not secure Ant [pattern='/images/**']
2022-06-30 09:51:31.223  WARN 17724 --- [restartedMain] o.s.s.c.a.web.builders.WebSecurity       : You are asking Spring Security to ignore Ant [pattern='/js/**']. This is not recommended -- please use permitAll via HttpSecurity#authorizeHttpRequests instead.
2022-06-30 09:51:31.223  INFO 17724 --- [restartedMain] o.s.s.web.DefaultSecurityFilterChain     : Will not secure Ant [pattern='/js/**']
2022-06-30 09:51:31.223  WARN 17724 --- [restartedMain] o.s.s.c.a.web.builders.WebSecurity       : You are asking Spring Security to ignore Ant [pattern='/vendor/**']. This is not recommended -- please use permitAll via HttpSecurity#authorizeHttpRequests instead.
2022-06-30 09:51:31.223  INFO 17724 --- [restartedMain] o.s.s.web.DefaultSecurityFilterChain     : Will not secure Ant [pattern='/vendor/**']
2022-06-30 09:51:31.223  WARN 17724 --- [restartedMain] o.s.s.c.a.web.builders.WebSecurity       : You are asking Spring Security to ignore Ant [pattern='/webjars/**']. This is not recommended -- please use permitAll via HttpSecurity#authorizeHttpRequests instead.
2022-06-30 09:51:31.224  INFO 17724 --- [restartedMain] o.s.s.web.DefaultSecurityFilterChain     : Will not secure Ant [pattern='/webjars/**']
2022-06-30 09:51:31.242  INFO 17724 --- [restartedMain] o.s.s.web.DefaultSecurityFilterChain     : Will secure any request with [org.springframework.security.web.session.DisableEncodeUrlFilter@6235d87e, org.springframework.security.web.context.request.async.WebAsyncManagerIntegrationFilter@358656a2, org.springframework.security.web.context.SecurityContextPersistenceFilter@280ebc1f, org.springframework.security.web.header.HeaderWriterFilter@4dc80706, org.springframework.security.web.csrf.CsrfFilter@5e852ffb, org.springframework.security.web.authentication.logout.LogoutFilter@f2f0b70, org.springframework.security.web.authentication.UsernamePasswordAuthenticationFilter@57c0c62d, org.springframework.security.web.savedrequest.RequestCacheAwareFilter@7c1c386b, org.springframework.security.web.servletapi.SecurityContextHolderAwareRequestFilter@56e96cf4, org.springframework.security.web.authentication.rememberme.RememberMeAuthenticationFilter@7978528f, org.springframework.security.web.authentication.AnonymousAuthenticationFilter@5df6e8a5, org.springframework.security.web.session.SessionManagementFilter@5684e984, org.springframework.security.web.access.ExceptionTranslationFilter@6c1778d6, org.springframework.security.web.access.intercept.AuthorizationFilter@72363f4e]
2022-06-30 09:51:31.344  INFO 17724 --- [restartedMain] o.s.b.a.w.s.WelcomePageHandlerMapping    : Adding welcome page template: index
2022-06-30 09:51:31.787  INFO 17724 --- [restartedMain] o.s.b.d.a.OptionalLiveReloadServer       : LiveReload server is running on port 35729
2022-06-30 09:51:31.815  INFO 17724 --- [restartedMain] o.s.b.w.embedded.tomcat.TomcatWebServer  : Tomcat started on port(s): 8080 (http) with context path '/DevelopAdmin'
2022-06-30 09:51:31.821  INFO 17724 --- [restartedMain] c.d.admin.DevelopBackEndApplication      : Started DevelopBackEndApplication in 3.547 seconds (JVM running for 4.169)
2022-06-30 09:53:32.526  INFO 17724 --- [Thread-5] j.LocalContainerEntityManagerFactoryBean : Closing JPA EntityManagerFactory for persistence unit 'default'
2022-06-30 09:53:32.528  INFO 17724 --- [Thread-5] com.zaxxer.hikari.HikariDataSource       : HikariPool-1 - Shutdown initiated...
2022-06-30 09:53:32.533  INFO 17724 --- [Thread-5] com.zaxxer.hikari.HikariDataSource       : HikariPool-1 - Shutdown completed.
2022-06-30 09:53:32.583  INFO 17724 --- [restartedMain] c.d.admin.DevelopBackEndApplication      : Starting DevelopBackEndApplication using Java 17.0.2 on Admin with PID 17724 (E:\nghia\Developer\developer\DevelopWebParent\DevelopBackEnd\target\classes started by Nghia in E:\nghia\Developer\developer\DevelopWebParent\DevelopBackEnd)
2022-06-30 09:53:32.583  INFO 17724 --- [restartedMain] c.d.admin.DevelopBackEndApplication      : No active profile set, falling back to 1 default profile: "default"
2022-06-30 09:53:32.711  INFO 17724 --- [restartedMain] .s.d.r.c.RepositoryConfigurationDelegate : Bootstrapping Spring Data JPA repositories in DEFAULT mode.
2022-06-30 09:53:32.722  INFO 17724 --- [restartedMain] .s.d.r.c.RepositoryConfigurationDelegate : Finished Spring Data repository scanning in 10 ms. Found 5 JPA repository interfaces.
2022-06-30 09:53:32.790  INFO 17724 --- [restartedMain] o.s.b.w.embedded.tomcat.TomcatWebServer  : Tomcat initialized with port(s): 8080 (http)
2022-06-30 09:53:32.791  INFO 17724 --- [restartedMain] o.apache.catalina.core.StandardService   : Starting service [Tomcat]
2022-06-30 09:53:32.791  INFO 17724 --- [restartedMain] org.apache.catalina.core.StandardEngine  : Starting Servlet engine: [Apache Tomcat/9.0.63]
2022-06-30 09:53:32.808  INFO 17724 --- [restartedMain] o.a.c.c.C.[.[localhost].[/DevelopAdmin]  : Initializing Spring embedded WebApplicationContext
2022-06-30 09:53:32.808  INFO 17724 --- [restartedMain] w.s.c.ServletWebServerApplicationContext : Root WebApplicationContext: initialization completed in 223 ms
2022-06-30 09:53:32.833  INFO 17724 --- [restartedMain] o.hibernate.jpa.internal.util.LogHelper  : HHH000204: Processing PersistenceUnitInfo [name: default]
2022-06-30 09:53:32.837  INFO 17724 --- [restartedMain] com.zaxxer.hikari.HikariDataSource       : HikariPool-2 - Starting...
2022-06-30 09:53:32.847  INFO 17724 --- [restartedMain] com.zaxxer.hikari.HikariDataSource       : HikariPool-2 - Start completed.
2022-06-30 09:53:32.848  INFO 17724 --- [restartedMain] org.hibernate.dialect.Dialect            : HHH000400: Using dialect: org.hibernate.dialect.MySQL8Dialect
2022-06-30 09:53:32.926  INFO 17724 --- [restartedMain] o.h.e.t.j.p.i.JtaPlatformInitiator       : HHH000490: Using JtaPlatform implementation: [org.hibernate.engine.transaction.jta.platform.internal.NoJtaPlatform]
2022-06-30 09:53:32.926  INFO 17724 --- [restartedMain] j.LocalContainerEntityManagerFactoryBean : Initialized JPA EntityManagerFactory for persistence unit 'default'
2022-06-30 09:53:32.939  WARN 17724 --- [restartedMain] JpaBaseConfiguration$JpaWebConfiguration : spring.jpa.open-in-view is enabled by default. Therefore, database queries may be performed during view rendering. Explicitly configure spring.jpa.open-in-view to disable this warning
2022-06-30 09:53:33.022  WARN 17724 --- [restartedMain] o.s.s.c.a.web.builders.WebSecurity       : You are asking Spring Security to ignore Ant [pattern='/css/**']. This is not recommended -- please use permitAll via HttpSecurity#authorizeHttpRequests instead.
2022-06-30 09:53:33.023  INFO 17724 --- [restartedMain] o.s.s.web.DefaultSecurityFilterChain     : Will not secure Ant [pattern='/css/**']
2022-06-30 09:53:33.023  WARN 17724 --- [restartedMain] o.s.s.c.a.web.builders.WebSecurity       : You are asking Spring Security to ignore Ant [pattern='/fonts/**']. This is not recommended -- please use permitAll via HttpSecurity#authorizeHttpRequests instead.
2022-06-30 09:53:33.023  INFO 17724 --- [restartedMain] o.s.s.web.DefaultSecurityFilterChain     : Will not secure Ant [pattern='/fonts/**']
2022-06-30 09:53:33.023  WARN 17724 --- [restartedMain] o.s.s.c.a.web.builders.WebSecurity       : You are asking Spring Security to ignore Ant [pattern='/images/**']. This is not recommended -- please use permitAll via HttpSecurity#authorizeHttpRequests instead.
2022-06-30 09:53:33.023  INFO 17724 --- [restartedMain] o.s.s.web.DefaultSecurityFilterChain     : Will not secure Ant [pattern='/images/**']
2022-06-30 09:53:33.023  WARN 17724 --- [restartedMain] o.s.s.c.a.web.builders.WebSecurity       : You are asking Spring Security to ignore Ant [pattern='/js/**']. This is not recommended -- please use permitAll via HttpSecurity#authorizeHttpRequests instead.
2022-06-30 09:53:33.023  INFO 17724 --- [restartedMain] o.s.s.web.DefaultSecurityFilterChain     : Will not secure Ant [pattern='/js/**']
2022-06-30 09:53:33.023  WARN 17724 --- [restartedMain] o.s.s.c.a.web.builders.WebSecurity       : You are asking Spring Security to ignore Ant [pattern='/vendor/**']. This is not recommended -- please use permitAll via HttpSecurity#authorizeHttpRequests instead.
2022-06-30 09:53:33.023  INFO 17724 --- [restartedMain] o.s.s.web.DefaultSecurityFilterChain     : Will not secure Ant [pattern='/vendor/**']
2022-06-30 09:53:33.023  WARN 17724 --- [restartedMain] o.s.s.c.a.web.builders.WebSecurity       : You are asking Spring Security to ignore Ant [pattern='/webjars/**']. This is not recommended -- please use permitAll via HttpSecurity#authorizeHttpRequests instead.
2022-06-30 09:53:33.023  INFO 17724 --- [restartedMain] o.s.s.web.DefaultSecurityFilterChain     : Will not secure Ant [pattern='/webjars/**']
2022-06-30 09:53:33.028  INFO 17724 --- [restartedMain] o.s.s.web.DefaultSecurityFilterChain     : Will secure any request with [org.springframework.security.web.session.DisableEncodeUrlFilter@2af4c474, org.springframework.security.web.context.request.async.WebAsyncManagerIntegrationFilter@24397950, org.springframework.security.web.context.SecurityContextPersistenceFilter@69f1b3cb, org.springframework.security.web.header.HeaderWriterFilter@11fac6e5, org.springframework.security.web.csrf.CsrfFilter@4dd8bdd8, org.springframework.security.web.authentication.logout.LogoutFilter@43a1a79f, org.springframework.security.web.authentication.UsernamePasswordAuthenticationFilter@23bd1e87, org.springframework.security.web.savedrequest.RequestCacheAwareFilter@7e53adbb, org.springframework.security.web.servletapi.SecurityContextHolderAwareRequestFilter@39d9817a, org.springframework.security.web.authentication.rememberme.RememberMeAuthenticationFilter@6deed830, org.springframework.security.web.authentication.AnonymousAuthenticationFilter@6fbb1276, org.springframework.security.web.session.SessionManagementFilter@61cfe457, org.springframework.security.web.access.ExceptionTranslationFilter@2086f678, org.springframework.security.web.access.intercept.AuthorizationFilter@555b7301]
2022-06-30 09:53:33.058  INFO 17724 --- [restartedMain] o.s.b.a.w.s.WelcomePageHandlerMapping    : Adding welcome page template: index
2022-06-30 09:53:33.308  INFO 17724 --- [restartedMain] o.s.b.d.a.OptionalLiveReloadServer       : LiveReload server is running on port 35729
2022-06-30 09:53:33.316  INFO 17724 --- [restartedMain] o.s.b.w.embedded.tomcat.TomcatWebServer  : Tomcat started on port(s): 8080 (http) with context path '/DevelopAdmin'
2022-06-30 09:53:33.320  INFO 17724 --- [restartedMain] c.d.admin.DevelopBackEndApplication      : Started DevelopBackEndApplication in 0.757 seconds (JVM running for 125.667)
2022-06-30 09:53:33.322  INFO 17724 --- [restartedMain] .ConditionEvaluationDeltaLoggingListener : Condition evaluation unchanged
2022-06-30 09:57:34.168  INFO 17724 --- [Thread-7] j.LocalContainerEntityManagerFactoryBean : Closing JPA EntityManagerFactory for persistence unit 'default'
2022-06-30 09:57:34.168  INFO 17724 --- [Thread-7] com.zaxxer.hikari.HikariDataSource       : HikariPool-2 - Shutdown initiated...
2022-06-30 09:57:34.171  INFO 17724 --- [Thread-7] com.zaxxer.hikari.HikariDataSource       : HikariPool-2 - Shutdown completed.
2022-06-30 09:57:34.224  INFO 17724 --- [restartedMain] c.d.admin.DevelopBackEndApplication      : Starting DevelopBackEndApplication using Java 17.0.2 on Admin with PID 17724 (E:\nghia\Developer\developer\DevelopWebParent\DevelopBackEnd\target\classes started by Nghia in E:\nghia\Developer\developer\DevelopWebParent\DevelopBackEnd)
2022-06-30 09:57:34.224  INFO 17724 --- [restartedMain] c.d.admin.DevelopBackEndApplication      : No active profile set, falling back to 1 default profile: "default"
2022-06-30 09:57:34.349  INFO 17724 --- [restartedMain] .s.d.r.c.RepositoryConfigurationDelegate : Bootstrapping Spring Data JPA repositories in DEFAULT mode.
2022-06-30 09:57:34.360  INFO 17724 --- [restartedMain] .s.d.r.c.RepositoryConfigurationDelegate : Finished Spring Data repository scanning in 10 ms. Found 5 JPA repository interfaces.
2022-06-30 09:57:34.433  INFO 17724 --- [restartedMain] o.s.b.w.embedded.tomcat.TomcatWebServer  : Tomcat initialized with port(s): 8080 (http)
2022-06-30 09:57:34.433  INFO 17724 --- [restartedMain] o.apache.catalina.core.StandardService   : Starting service [Tomcat]
2022-06-30 09:57:34.433  INFO 17724 --- [restartedMain] org.apache.catalina.core.StandardEngine  : Starting Servlet engine: [Apache Tomcat/9.0.63]
2022-06-30 09:57:34.450  INFO 17724 --- [restartedMain] o.a.c.c.C.[.[localhost].[/DevelopAdmin]  : Initializing Spring embedded WebApplicationContext
2022-06-30 09:57:34.450  INFO 17724 --- [restartedMain] w.s.c.ServletWebServerApplicationContext : Root WebApplicationContext: initialization completed in 224 ms
2022-06-30 09:57:34.477  INFO 17724 --- [restartedMain] o.hibernate.jpa.internal.util.LogHelper  : HHH000204: Processing PersistenceUnitInfo [name: default]
2022-06-30 09:57:34.482  INFO 17724 --- [restartedMain] com.zaxxer.hikari.HikariDataSource       : HikariPool-3 - Starting...
2022-06-30 09:57:34.492  INFO 17724 --- [restartedMain] com.zaxxer.hikari.HikariDataSource       : HikariPool-3 - Start completed.
2022-06-30 09:57:34.492  INFO 17724 --- [restartedMain] org.hibernate.dialect.Dialect            : HHH000400: Using dialect: org.hibernate.dialect.MySQL8Dialect
2022-06-30 09:57:34.567  INFO 17724 --- [restartedMain] o.h.e.t.j.p.i.JtaPlatformInitiator       : HHH000490: Using JtaPlatform implementation: [org.hibernate.engine.transaction.jta.platform.internal.NoJtaPlatform]
2022-06-30 09:57:34.568  INFO 17724 --- [restartedMain] j.LocalContainerEntityManagerFactoryBean : Initialized JPA EntityManagerFactory for persistence unit 'default'
2022-06-30 09:57:34.581  WARN 17724 --- [restartedMain] JpaBaseConfiguration$JpaWebConfiguration : spring.jpa.open-in-view is enabled by default. Therefore, database queries may be performed during view rendering. Explicitly configure spring.jpa.open-in-view to disable this warning
2022-06-30 09:57:34.665  WARN 17724 --- [restartedMain] o.s.s.c.a.web.builders.WebSecurity       : You are asking Spring Security to ignore Ant [pattern='/css/**']. This is not recommended -- please use permitAll via HttpSecurity#authorizeHttpRequests instead.
2022-06-30 09:57:34.666  INFO 17724 --- [restartedMain] o.s.s.web.DefaultSecurityFilterChain     : Will not secure Ant [pattern='/css/**']
2022-06-30 09:57:34.666  WARN 17724 --- [restartedMain] o.s.s.c.a.web.builders.WebSecurity       : You are asking Spring Security to ignore Ant [pattern='/fonts/**']. This is not recommended -- please use permitAll via HttpSecurity#authorizeHttpRequests instead.
2022-06-30 09:57:34.666  INFO 17724 --- [restartedMain] o.s.s.web.DefaultSecurityFilterChain     : Will not secure Ant [pattern='/fonts/**']
2022-06-30 09:57:34.666  WARN 17724 --- [restartedMain] o.s.s.c.a.web.builders.WebSecurity       : You are asking Spring Security to ignore Ant [pattern='/images/**']. This is not recommended -- please use permitAll via HttpSecurity#authorizeHttpRequests instead.
2022-06-30 09:57:34.666  INFO 17724 --- [restartedMain] o.s.s.web.DefaultSecurityFilterChain     : Will not secure Ant [pattern='/images/**']
2022-06-30 09:57:34.666  WARN 17724 --- [restartedMain] o.s.s.c.a.web.builders.WebSecurity       : You are asking Spring Security to ignore Ant [pattern='/js/**']. This is not recommended -- please use permitAll via HttpSecurity#authorizeHttpRequests instead.
2022-06-30 09:57:34.666  INFO 17724 --- [restartedMain] o.s.s.web.DefaultSecurityFilterChain     : Will not secure Ant [pattern='/js/**']
2022-06-30 09:57:34.666  WARN 17724 --- [restartedMain] o.s.s.c.a.web.builders.WebSecurity       : You are asking Spring Security to ignore Ant [pattern='/vendor/**']. This is not recommended -- please use permitAll via HttpSecurity#authorizeHttpRequests instead.
2022-06-30 09:57:34.666  INFO 17724 --- [restartedMain] o.s.s.web.DefaultSecurityFilterChain     : Will not secure Ant [pattern='/vendor/**']
2022-06-30 09:57:34.666  WARN 17724 --- [restartedMain] o.s.s.c.a.web.builders.WebSecurity       : You are asking Spring Security to ignore Ant [pattern='/webjars/**']. This is not recommended -- please use permitAll via HttpSecurity#authorizeHttpRequests instead.
2022-06-30 09:57:34.666  INFO 17724 --- [restartedMain] o.s.s.web.DefaultSecurityFilterChain     : Will not secure Ant [pattern='/webjars/**']
2022-06-30 09:57:34.671  INFO 17724 --- [restartedMain] o.s.s.web.DefaultSecurityFilterChain     : Will secure any request with [org.springframework.security.web.session.DisableEncodeUrlFilter@675e2b04, org.springframework.security.web.context.request.async.WebAsyncManagerIntegrationFilter@a26b85d, org.springframework.security.web.context.SecurityContextPersistenceFilter@55d5386c, org.springframework.security.web.header.HeaderWriterFilter@6e60dad7, org.springframework.security.web.csrf.CsrfFilter@58dca908, org.springframework.security.web.authentication.logout.LogoutFilter@70a506d0, org.springframework.security.web.authentication.UsernamePasswordAuthenticationFilter@158925d, org.springframework.security.web.savedrequest.RequestCacheAwareFilter@668dd56b, org.springframework.security.web.servletapi.SecurityContextHolderAwareRequestFilter@e530d0f, org.springframework.security.web.authentication.rememberme.RememberMeAuthenticationFilter@2128c55d, org.springframework.security.web.authentication.AnonymousAuthenticationFilter@4fa9093e, org.springframework.security.web.session.SessionManagementFilter@68fc5892, org.springframework.security.web.access.ExceptionTranslationFilter@634a0431, org.springframework.security.web.access.intercept.AuthorizationFilter@6f405aa8]
2022-06-30 09:57:34.704  INFO 17724 --- [restartedMain] o.s.b.a.w.s.WelcomePageHandlerMapping    : Adding welcome page template: index
2022-06-30 09:57:34.950  INFO 17724 --- [restartedMain] o.s.b.d.a.OptionalLiveReloadServer       : LiveReload server is running on port 35729
2022-06-30 09:57:34.958  INFO 17724 --- [restartedMain] o.s.b.w.embedded.tomcat.TomcatWebServer  : Tomcat started on port(s): 8080 (http) with context path '/DevelopAdmin'
2022-06-30 09:57:34.962  INFO 17724 --- [restartedMain] c.d.admin.DevelopBackEndApplication      : Started DevelopBackEndApplication in 0.76 seconds (JVM running for 367.309)
2022-06-30 09:57:34.963  INFO 17724 --- [restartedMain] .ConditionEvaluationDeltaLoggingListener : Condition evaluation unchanged
2022-06-30 09:57:45.594  INFO 17724 --- [Thread-11] j.LocalContainerEntityManagerFactoryBean : Closing JPA EntityManagerFactory for persistence unit 'default'
2022-06-30 09:57:45.594  INFO 17724 --- [Thread-11] com.zaxxer.hikari.HikariDataSource       : HikariPool-3 - Shutdown initiated...
2022-06-30 09:57:45.597  INFO 17724 --- [Thread-11] com.zaxxer.hikari.HikariDataSource       : HikariPool-3 - Shutdown completed.
2022-06-30 09:57:45.649  INFO 17724 --- [restartedMain] c.d.admin.DevelopBackEndApplication      : Starting DevelopBackEndApplication using Java 17.0.2 on Admin with PID 17724 (E:\nghia\Developer\developer\DevelopWebParent\DevelopBackEnd\target\classes started by Nghia in E:\nghia\Developer\developer\DevelopWebParent\DevelopBackEnd)
2022-06-30 09:57:45.649  INFO 17724 --- [restartedMain] c.d.admin.DevelopBackEndApplication      : No active profile set, falling back to 1 default profile: "default"
2022-06-30 09:57:45.779  INFO 17724 --- [restartedMain] .s.d.r.c.RepositoryConfigurationDelegate : Bootstrapping Spring Data JPA repositories in DEFAULT mode.
2022-06-30 09:57:45.791  INFO 17724 --- [restartedMain] .s.d.r.c.RepositoryConfigurationDelegate : Finished Spring Data repository scanning in 10 ms. Found 5 JPA repository interfaces.
2022-06-30 09:57:45.854  INFO 17724 --- [restartedMain] o.s.b.w.embedded.tomcat.TomcatWebServer  : Tomcat initialized with port(s): 8080 (http)
2022-06-30 09:57:45.854  INFO 17724 --- [restartedMain] o.apache.catalina.core.StandardService   : Starting service [Tomcat]
2022-06-30 09:57:45.854  INFO 17724 --- [restartedMain] org.apache.catalina.core.StandardEngine  : Starting Servlet engine: [Apache Tomcat/9.0.63]
2022-06-30 09:57:45.871  INFO 17724 --- [restartedMain] o.a.c.c.C.[.[localhost].[/DevelopAdmin]  : Initializing Spring embedded WebApplicationContext
2022-06-30 09:57:45.871  INFO 17724 --- [restartedMain] w.s.c.ServletWebServerApplicationContext : Root WebApplicationContext: initialization completed in 221 ms
2022-06-30 09:57:45.896  INFO 17724 --- [restartedMain] o.hibernate.jpa.internal.util.LogHelper  : HHH000204: Processing PersistenceUnitInfo [name: default]
2022-06-30 09:57:45.900  INFO 17724 --- [restartedMain] com.zaxxer.hikari.HikariDataSource       : HikariPool-4 - Starting...
2022-06-30 09:57:45.909  INFO 17724 --- [restartedMain] com.zaxxer.hikari.HikariDataSource       : HikariPool-4 - Start completed.
2022-06-30 09:57:45.909  INFO 17724 --- [restartedMain] org.hibernate.dialect.Dialect            : HHH000400: Using dialect: org.hibernate.dialect.MySQL8Dialect
2022-06-30 09:57:45.983  INFO 17724 --- [restartedMain] o.h.e.t.j.p.i.JtaPlatformInitiator       : HHH000490: Using JtaPlatform implementation: [org.hibernate.engine.transaction.jta.platform.internal.NoJtaPlatform]
2022-06-30 09:57:45.983  INFO 17724 --- [restartedMain] j.LocalContainerEntityManagerFactoryBean : Initialized JPA EntityManagerFactory for persistence unit 'default'
2022-06-30 09:57:45.995  WARN 17724 --- [restartedMain] JpaBaseConfiguration$JpaWebConfiguration : spring.jpa.open-in-view is enabled by default. Therefore, database queries may be performed during view rendering. Explicitly configure spring.jpa.open-in-view to disable this warning
2022-06-30 09:57:46.072  WARN 17724 --- [restartedMain] o.s.s.c.a.web.builders.WebSecurity       : You are asking Spring Security to ignore Ant [pattern='/css/**']. This is not recommended -- please use permitAll via HttpSecurity#authorizeHttpRequests instead.
2022-06-30 09:57:46.072  INFO 17724 --- [restartedMain] o.s.s.web.DefaultSecurityFilterChain     : Will not secure Ant [pattern='/css/**']
2022-06-30 09:57:46.072  WARN 17724 --- [restartedMain] o.s.s.c.a.web.builders.WebSecurity       : You are asking Spring Security to ignore Ant [pattern='/fonts/**']. This is not recommended -- please use permitAll via HttpSecurity#authorizeHttpRequests instead.
2022-06-30 09:57:46.072  INFO 17724 --- [restartedMain] o.s.s.web.DefaultSecurityFilterChain     : Will not secure Ant [pattern='/fonts/**']
2022-06-30 09:57:46.072  WARN 17724 --- [restartedMain] o.s.s.c.a.web.builders.WebSecurity       : You are asking Spring Security to ignore Ant [pattern='/images/**']. This is not recommended -- please use permitAll via HttpSecurity#authorizeHttpRequests instead.
2022-06-30 09:57:46.072  INFO 17724 --- [restartedMain] o.s.s.web.DefaultSecurityFilterChain     : Will not secure Ant [pattern='/images/**']
2022-06-30 09:57:46.072  WARN 17724 --- [restartedMain] o.s.s.c.a.web.builders.WebSecurity       : You are asking Spring Security to ignore Ant [pattern='/js/**']. This is not recommended -- please use permitAll via HttpSecurity#authorizeHttpRequests instead.
2022-06-30 09:57:46.072  INFO 17724 --- [restartedMain] o.s.s.web.DefaultSecurityFilterChain     : Will not secure Ant [pattern='/js/**']
2022-06-30 09:57:46.072  WARN 17724 --- [restartedMain] o.s.s.c.a.web.builders.WebSecurity       : You are asking Spring Security to ignore Ant [pattern='/vendor/**']. This is not recommended -- please use permitAll via HttpSecurity#authorizeHttpRequests instead.
2022-06-30 09:57:46.073  INFO 17724 --- [restartedMain] o.s.s.web.DefaultSecurityFilterChain     : Will not secure Ant [pattern='/vendor/**']
2022-06-30 09:57:46.073  WARN 17724 --- [restartedMain] o.s.s.c.a.web.builders.WebSecurity       : You are asking Spring Security to ignore Ant [pattern='/webjars/**']. This is not recommended -- please use permitAll via HttpSecurity#authorizeHttpRequests instead.
2022-06-30 09:57:46.073  INFO 17724 --- [restartedMain] o.s.s.web.DefaultSecurityFilterChain     : Will not secure Ant [pattern='/webjars/**']
2022-06-30 09:57:46.077  INFO 17724 --- [restartedMain] o.s.s.web.DefaultSecurityFilterChain     : Will secure any request with [org.springframework.security.web.session.DisableEncodeUrlFilter@3dcae2a5, org.springframework.security.web.context.request.async.WebAsyncManagerIntegrationFilter@69fa39c7, org.springframework.security.web.context.SecurityContextPersistenceFilter@754f03ab, org.springframework.security.web.header.HeaderWriterFilter@22870776, org.springframework.security.web.csrf.CsrfFilter@4fd7b1f2, org.springframework.security.web.authentication.logout.LogoutFilter@63e99645, org.springframework.security.web.authentication.UsernamePasswordAuthenticationFilter@131c06a6, org.springframework.security.web.savedrequest.RequestCacheAwareFilter@588df138, org.springframework.security.web.servletapi.SecurityContextHolderAwareRequestFilter@422bf1e8, org.springframework.security.web.authentication.rememberme.RememberMeAuthenticationFilter@3ce8e13e, org.springframework.security.web.authentication.AnonymousAuthenticationFilter@1a202b68, org.springframework.security.web.session.SessionManagementFilter@7e57a84, org.springframework.security.web.access.ExceptionTranslationFilter@3f324bb9, org.springframework.security.web.access.intercept.AuthorizationFilter@4963b0f3]
2022-06-30 09:57:46.104  INFO 17724 --- [restartedMain] o.s.b.a.w.s.WelcomePageHandlerMapping    : Adding welcome page template: index
2022-06-30 09:57:46.357  INFO 17724 --- [restartedMain] o.s.b.d.a.OptionalLiveReloadServer       : LiveReload server is running on port 35729
2022-06-30 09:57:46.365  INFO 17724 --- [restartedMain] o.s.b.w.embedded.tomcat.TomcatWebServer  : Tomcat started on port(s): 8080 (http) with context path '/DevelopAdmin'
2022-06-30 09:57:46.368  INFO 17724 --- [restartedMain] c.d.admin.DevelopBackEndApplication      : Started DevelopBackEndApplication in 0.739 seconds (JVM running for 378.715)
2022-06-30 09:57:46.369  INFO 17724 --- [restartedMain] .ConditionEvaluationDeltaLoggingListener : Condition evaluation unchanged
