2022-07-01 09:59:28.276  INFO 17724 --- [RMI TCP Connection(24)-127.0.0.1] inMXBeanRegistrar$SpringApplicationAdmin : Application shutdown requested.
2022-07-01 09:59:28.296  INFO 17724 --- [RMI TCP Connection(24)-127.0.0.1] j.LocalContainerEntityManagerFactoryBean : Closing JPA EntityManagerFactory for persistence unit 'default'
2022-07-01 09:59:28.296  INFO 17724 --- [RMI TCP Connection(24)-127.0.0.1] com.zaxxer.hikari.HikariDataSource       : HikariPool-4 - Shutdown initiated...
2022-07-01 09:59:28.298  INFO 17724 --- [RMI TCP Connection(24)-127.0.0.1] com.zaxxer.hikari.HikariDataSource       : HikariPool-4 - Shutdown completed.
2022-07-01 09:59:30.125  INFO 34972 --- [restartedMain] c.d.admin.DevelopBackEndApplication      : Starting DevelopBackEndApplication using Java 17.0.2 on Admin with PID 34972 (E:\nghia\Developer\developer\DevelopWebParent\DevelopBackEnd\target\classes started by Nghia in E:\nghia\Developer\developer\DevelopWebParent\DevelopBackEnd)
2022-07-01 09:59:30.126  INFO 34972 --- [restartedMain] c.d.admin.DevelopBackEndApplication      : No active profile set, falling back to 1 default profile: "default"
2022-07-01 09:59:30.162  INFO 34972 --- [restartedMain] .e.DevToolsPropertyDefaultsPostProcessor : Devtools property defaults active! Set 'spring.devtools.add-properties' to 'false' to disable
2022-07-01 09:59:30.162  INFO 34972 --- [restartedMain] .e.DevToolsPropertyDefaultsPostProcessor : For additional web related logging consider setting the 'logging.level.web' property to 'DEBUG'
2022-07-01 09:59:30.633  INFO 34972 --- [restartedMain] .s.d.r.c.RepositoryConfigurationDelegate : Bootstrapping Spring Data JPA repositories in DEFAULT mode.
2022-07-01 09:59:30.682  INFO 34972 --- [restartedMain] .s.d.r.c.RepositoryConfigurationDelegate : Finished Spring Data repository scanning in 42 ms. Found 5 JPA repository interfaces.
2022-07-01 09:59:31.148  INFO 34972 --- [restartedMain] o.s.b.w.embedded.tomcat.TomcatWebServer  : Tomcat initialized with port(s): 8080 (http)
2022-07-01 09:59:31.155  INFO 34972 --- [restartedMain] o.apache.catalina.core.StandardService   : Starting service [Tomcat]
2022-07-01 09:59:31.155  INFO 34972 --- [restartedMain] org.apache.catalina.core.StandardEngine  : Starting Servlet engine: [Apache Tomcat/9.0.63]
2022-07-01 09:59:31.226  INFO 34972 --- [restartedMain] o.a.c.c.C.[.[localhost].[/DevelopAdmin]  : Initializing Spring embedded WebApplicationContext
2022-07-01 09:59:31.226  INFO 34972 --- [restartedMain] w.s.c.ServletWebServerApplicationContext : Root WebApplicationContext: initialization completed in 1064 ms
2022-07-01 09:59:31.372  INFO 34972 --- [restartedMain] o.hibernate.jpa.internal.util.LogHelper  : HHH000204: Processing PersistenceUnitInfo [name: default]
2022-07-01 09:59:31.414  INFO 34972 --- [restartedMain] org.hibernate.Version                    : HHH000412: Hibernate ORM core version 5.6.9.Final
2022-07-01 09:59:31.550  INFO 34972 --- [restartedMain] o.hibernate.annotations.common.Version   : HCANN000001: Hibernate Commons Annotations {5.1.2.Final}
2022-07-01 09:59:31.629  INFO 34972 --- [restartedMain] com.zaxxer.hikari.HikariDataSource       : HikariPool-1 - Starting...
2022-07-01 09:59:31.872  INFO 34972 --- [restartedMain] com.zaxxer.hikari.HikariDataSource       : HikariPool-1 - Start completed.
2022-07-01 09:59:31.884  INFO 34972 --- [restartedMain] org.hibernate.dialect.Dialect            : HHH000400: Using dialect: org.hibernate.dialect.MySQL8Dialect
2022-07-01 09:59:32.450  INFO 34972 --- [restartedMain] o.h.e.t.j.p.i.JtaPlatformInitiator       : HHH000490: Using JtaPlatform implementation: [org.hibernate.engine.transaction.jta.platform.internal.NoJtaPlatform]
2022-07-01 09:59:32.456  INFO 34972 --- [restartedMain] j.LocalContainerEntityManagerFactoryBean : Initialized JPA EntityManagerFactory for persistence unit 'default'
2022-07-01 09:59:32.496  WARN 34972 --- [restartedMain] JpaBaseConfiguration$JpaWebConfiguration : spring.jpa.open-in-view is enabled by default. Therefore, database queries may be performed during view rendering. Explicitly configure spring.jpa.open-in-view to disable this warning
2022-07-01 09:59:32.939  WARN 34972 --- [restartedMain] o.s.s.c.a.web.builders.WebSecurity       : You are asking Spring Security to ignore Ant [pattern='/css/**']. This is not recommended -- please use permitAll via HttpSecurity#authorizeHttpRequests instead.
2022-07-01 09:59:32.940  INFO 34972 --- [restartedMain] o.s.s.web.DefaultSecurityFilterChain     : Will not secure Ant [pattern='/css/**']
2022-07-01 09:59:32.940  WARN 34972 --- [restartedMain] o.s.s.c.a.web.builders.WebSecurity       : You are asking Spring Security to ignore Ant [pattern='/fonts/**']. This is not recommended -- please use permitAll via HttpSecurity#authorizeHttpRequests instead.
2022-07-01 09:59:32.940  INFO 34972 --- [restartedMain] o.s.s.web.DefaultSecurityFilterChain     : Will not secure Ant [pattern='/fonts/**']
2022-07-01 09:59:32.940  WARN 34972 --- [restartedMain] o.s.s.c.a.web.builders.WebSecurity       : You are asking Spring Security to ignore Ant [pattern='/images/**']. This is not recommended -- please use permitAll via HttpSecurity#authorizeHttpRequests instead.
2022-07-01 09:59:32.940  INFO 34972 --- [restartedMain] o.s.s.web.DefaultSecurityFilterChain     : Will not secure Ant [pattern='/images/**']
2022-07-01 09:59:32.940  WARN 34972 --- [restartedMain] o.s.s.c.a.web.builders.WebSecurity       : You are asking Spring Security to ignore Ant [pattern='/js/**']. This is not recommended -- please use permitAll via HttpSecurity#authorizeHttpRequests instead.
2022-07-01 09:59:32.940  INFO 34972 --- [restartedMain] o.s.s.web.DefaultSecurityFilterChain     : Will not secure Ant [pattern='/js/**']
2022-07-01 09:59:32.940  WARN 34972 --- [restartedMain] o.s.s.c.a.web.builders.WebSecurity       : You are asking Spring Security to ignore Ant [pattern='/vendor/**']. This is not recommended -- please use permitAll via HttpSecurity#authorizeHttpRequests instead.
2022-07-01 09:59:32.940  INFO 34972 --- [restartedMain] o.s.s.web.DefaultSecurityFilterChain     : Will not secure Ant [pattern='/vendor/**']
2022-07-01 09:59:32.940  WARN 34972 --- [restartedMain] o.s.s.c.a.web.builders.WebSecurity       : You are asking Spring Security to ignore Ant [pattern='/webjars/**']. This is not recommended -- please use permitAll via HttpSecurity#authorizeHttpRequests instead.
2022-07-01 09:59:32.940  INFO 34972 --- [restartedMain] o.s.s.web.DefaultSecurityFilterChain     : Will not secure Ant [pattern='/webjars/**']
2022-07-01 09:59:32.959  INFO 34972 --- [restartedMain] o.s.s.web.DefaultSecurityFilterChain     : Will secure any request with [org.springframework.security.web.session.DisableEncodeUrlFilter@5bf8ef79, org.springframework.security.web.context.request.async.WebAsyncManagerIntegrationFilter@4993c951, org.springframework.security.web.context.SecurityContextPersistenceFilter@344ada3e, org.springframework.security.web.header.HeaderWriterFilter@3716cd17, org.springframework.security.web.csrf.CsrfFilter@13055bea, org.springframework.security.web.authentication.logout.LogoutFilter@381061c, org.springframework.security.web.authentication.UsernamePasswordAuthenticationFilter@521250c2, org.springframework.security.web.savedrequest.RequestCacheAwareFilter@a73db68, org.springframework.security.web.servletapi.SecurityContextHolderAwareRequestFilter@6b8cf241, org.springframework.security.web.authentication.rememberme.RememberMeAuthenticationFilter@2a99e2b, org.springframework.security.web.authentication.AnonymousAuthenticationFilter@61d15877, org.springframework.security.web.session.SessionManagementFilter@5e852ffb, org.springframework.security.web.access.ExceptionTranslationFilter@5a2a48a2, org.springframework.security.web.access.intercept.AuthorizationFilter@26e307a9]
2022-07-01 09:59:33.072  INFO 34972 --- [restartedMain] o.s.b.a.w.s.WelcomePageHandlerMapping    : Adding welcome page template: index
2022-07-01 09:59:33.552  INFO 34972 --- [restartedMain] o.s.b.d.a.OptionalLiveReloadServer       : LiveReload server is running on port 35729
2022-07-01 09:59:33.581  INFO 34972 --- [restartedMain] o.s.b.w.embedded.tomcat.TomcatWebServer  : Tomcat started on port(s): 8080 (http) with context path '/DevelopAdmin'
2022-07-01 09:59:33.588  INFO 34972 --- [restartedMain] c.d.admin.DevelopBackEndApplication      : Started DevelopBackEndApplication in 3.753 seconds (JVM running for 4.378)
