2022-07-02 10:00:43.442  INFO 34972 --- [RMI TCP Connection(10)-127.0.0.1] inMXBeanRegistrar$SpringApplicationAdmin : Application shutdown requested.
2022-07-02 10:00:43.455  INFO 34972 --- [RMI TCP Connection(10)-127.0.0.1] j.LocalContainerEntityManagerFactoryBean : Closing JPA EntityManagerFactory for persistence unit 'default'
2022-07-02 10:00:43.457  INFO 34972 --- [RMI TCP Connection(10)-127.0.0.1] com.zaxxer.hikari.HikariDataSource       : HikariPool-1 - Shutdown initiated...
2022-07-02 10:00:43.462  INFO 34972 --- [RMI TCP Connection(10)-127.0.0.1] com.zaxxer.hikari.HikariDataSource       : HikariPool-1 - Shutdown completed.
2022-07-02 10:00:45.260  INFO 30468 --- [restartedMain] c.d.admin.DevelopBackEndApplication      : Starting DevelopBackEndApplication using Java 17.0.2 on Admin with PID 30468 (E:\nghia\Developer\developer\DevelopWebParent\DevelopBackEnd\target\classes started by Nghia in E:\nghia\Developer\developer\DevelopWebParent\DevelopBackEnd)
2022-07-02 10:00:45.261  INFO 30468 --- [restartedMain] c.d.admin.DevelopBackEndApplication      : No active profile set, falling back to 1 default profile: "default"
2022-07-02 10:00:45.297  INFO 30468 --- [restartedMain] .e.DevToolsPropertyDefaultsPostProcessor : Devtools property defaults active! Set 'spring.devtools.add-properties' to 'false' to disable
2022-07-02 10:00:45.297  INFO 30468 --- [restartedMain] .e.DevToolsPropertyDefaultsPostProcessor : For additional web related logging consider setting the 'logging.level.web' property to 'DEBUG'
2022-07-02 10:00:45.804  INFO 30468 --- [restartedMain] .s.d.r.c.RepositoryConfigurationDelegate : Bootstrapping Spring Data JPA repositories in DEFAULT mode.
2022-07-02 10:00:45.850  INFO 30468 --- [restartedMain] .s.d.r.c.RepositoryConfigurationDelegate : Finished Spring Data repository scanning in 38 ms. Found 5 JPA repository interfaces.
2022-07-02 10:00:46.301  INFO 30468 --- [restartedMain] o.s.b.w.embedded.tomcat.TomcatWebServer  : Tomcat initialized with port(s): 8080 (http)
2022-07-02 10:00:46.308  INFO 30468 --- [restartedMain] o.apache.catalina.core.StandardService   : Starting service [Tomcat]
2022-07-02 10:00:46.308  INFO 30468 --- [restartedMain] org.apache.catalina.core.StandardEngine  : Starting Servlet engine: [Apache Tomcat/9.0.63]
2022-07-02 10:00:46.375  INFO 30468 --- [restartedMain] o.a.c.c.C.[.[localhost].[/DevelopAdmin]  : Initializing Spring embedded WebApplicationContext
2022-07-02 10:00:46.375  INFO 30468 --- [restartedMain] w.s.c.ServletWebServerApplicationContext : Root WebApplicationContext: initialization completed in 1077 ms
2022-07-02 10:00:46.517  INFO 30468 --- [restartedMain] o.hibernate.jpa.internal.util.LogHelper  : HHH000204: Processing PersistenceUnitInfo [name: default]
2022-07-02 10:00:46.556  INFO 30468 --- [restartedMain] org.hibernate.Version                    : HHH000412: Hibernate ORM core version 5.6.9.Final
2022-07-02 10:00:46.691  INFO 30468 --- [restartedMain] o.hibernate.annotations.common.Version   : HCANN000001: Hibernate Commons Annotations {5.1.2.Final}
2022-07-02 10:00:46.773  INFO 30468 --- [restartedMain] com.zaxxer.hikari.HikariDataSource       : HikariPool-1 - Starting...
2022-07-02 10:00:47.012  INFO 30468 --- [restartedMain] com.zaxxer.hikari.HikariDataSource       : HikariPool-1 - Start completed.
2022-07-02 10:00:47.025  INFO 30468 --- [restartedMain] org.hibernate.dialect.Dialect            : HHH000400: Using dialect: org.hibernate.dialect.MySQL8Dialect
2022-07-02 10:00:47.633  INFO 30468 --- [restartedMain] o.h.e.t.j.p.i.JtaPlatformInitiator       : HHH000490: Using JtaPlatform implementation: [org.hibernate.engine.transaction.jta.platform.internal.NoJtaPlatform]
2022-07-02 10:00:47.640  INFO 30468 --- [restartedMain] j.LocalContainerEntityManagerFactoryBean : Initialized JPA EntityManagerFactory for persistence unit 'default'
2022-07-02 10:00:47.682  WARN 30468 --- [restartedMain] JpaBaseConfiguration$JpaWebConfiguration : spring.jpa.open-in-view is enabled by default. Therefore, database queries may be performed during view rendering. Explicitly configure spring.jpa.open-in-view to disable this warning
2022-07-02 10:00:48.187  WARN 30468 --- [restartedMain] o.s.s.c.a.web.builders.WebSecurity       : You are asking Spring Security to ignore Ant [pattern='/css/**']. This is not recommended -- please use permitAll via HttpSecurity#authorizeHttpRequests instead.
2022-07-02 10:00:48.187  INFO 30468 --- [restartedMain] o.s.s.web.DefaultSecurityFilterChain     : Will not secure Ant [pattern='/css/**']
2022-07-02 10:00:48.187  WARN 30468 --- [restartedMain] o.s.s.c.a.web.builders.WebSecurity       : You are asking Spring Security to ignore Ant [pattern='/fonts/**']. This is not recommended -- please use permitAll via HttpSecurity#authorizeHttpRequests instead.
2022-07-02 10:00:48.187  INFO 30468 --- [restartedMain] o.s.s.web.DefaultSecurityFilterChain     : Will not secure Ant [pattern='/fonts/**']
2022-07-02 10:00:48.187  WARN 30468 --- [restartedMain] o.s.s.c.a.web.builders.WebSecurity       : You are asking Spring Security to ignore Ant [pattern='/images/**']. This is not recommended -- please use permitAll via HttpSecurity#authorizeHttpRequests instead.
2022-07-02 10:00:48.187  INFO 30468 --- [restartedMain] o.s.s.web.DefaultSecurityFilterChain     : Will not secure Ant [pattern='/images/**']
2022-07-02 10:00:48.187  WARN 30468 --- [restartedMain] o.s.s.c.a.web.builders.WebSecurity       : You are asking Spring Security to ignore Ant [pattern='/js/**']. This is not recommended -- please use permitAll via HttpSecurity#authorizeHttpRequests instead.
2022-07-02 10:00:48.187  INFO 30468 --- [restartedMain] o.s.s.web.DefaultSecurityFilterChain     : Will not secure Ant [pattern='/js/**']
2022-07-02 10:00:48.188  WARN 30468 --- [restartedMain] o.s.s.c.a.web.builders.WebSecurity       : You are asking Spring Security to ignore Ant [pattern='/vendor/**']. This is not recommended -- please use permitAll via HttpSecurity#authorizeHttpRequests instead.
2022-07-02 10:00:48.188  INFO 30468 --- [restartedMain] o.s.s.web.DefaultSecurityFilterChain     : Will not secure Ant [pattern='/vendor/**']
2022-07-02 10:00:48.188  WARN 30468 --- [restartedMain] o.s.s.c.a.web.builders.WebSecurity       : You are asking Spring Security to ignore Ant [pattern='/webjars/**']. This is not recommended -- please use permitAll via HttpSecurity#authorizeHttpRequests instead.
2022-07-02 10:00:48.188  INFO 30468 --- [restartedMain] o.s.s.web.DefaultSecurityFilterChain     : Will not secure Ant [pattern='/webjars/**']
2022-07-02 10:00:48.207  INFO 30468 --- [restartedMain] o.s.s.web.DefaultSecurityFilterChain     : Will secure any request with [org.springframework.security.web.session.DisableEncodeUrlFilter@4ebf26f6, org.springframework.security.web.context.request.async.WebAsyncManagerIntegrationFilter@6639b39c, org.springframework.security.web.context.SecurityContextPersistenceFilter@4f3d5d06, org.springframework.security.web.header.HeaderWriterFilter@6563a9bf, org.springframework.security.web.csrf.CsrfFilter@134e276, org.springframework.security.web.authentication.logout.LogoutFilter@6600fcc5, org.springframework.security.web.authentication.UsernamePasswordAuthenticationFilter@1b0d8c3f, org.springframework.security.web.savedrequest.RequestCacheAwareFilter@7d6bc098, org.springframework.security.web.servletapi.SecurityContextHolderAwareRequestFilter@67525ade, org.springframework.security.web.authentication.rememberme.RememberMeAuthenticationFilter@72664592, org.springframework.security.web.authentication.AnonymousAuthenticationFilter@9c05440, org.springframework.security.web.session.SessionManagementFilter@52f82d, org.springframework.security.web.access.ExceptionTranslationFilter@29899740, org.springframework.security.web.access.intercept.AuthorizationFilter@9fed0d6]
2022-07-02 10:00:48.322  INFO 30468 --- [restartedMain] o.s.b.a.w.s.WelcomePageHandlerMapping    : Adding welcome page template: index
2022-07-02 10:00:48.788  INFO 30468 --- [restartedMain] o.s.b.d.a.OptionalLiveReloadServer       : LiveReload server is running on port 35729
2022-07-02 10:00:48.818  INFO 30468 --- [restartedMain] o.s.b.w.embedded.tomcat.TomcatWebServer  : Tomcat started on port(s): 8080 (http) with context path '/DevelopAdmin'
2022-07-02 10:00:48.825  INFO 30468 --- [restartedMain] c.d.admin.DevelopBackEndApplication      : Started DevelopBackEndApplication in 3.849 seconds (JVM running for 4.483)
2022-07-02 10:28:44.942  INFO 30468 --- [Thread-5] j.LocalContainerEntityManagerFactoryBean : Closing JPA EntityManagerFactory for persistence unit 'default'
2022-07-02 10:28:44.944  INFO 30468 --- [Thread-5] com.zaxxer.hikari.HikariDataSource       : HikariPool-1 - Shutdown initiated...
2022-07-02 10:28:44.949  INFO 30468 --- [Thread-5] com.zaxxer.hikari.HikariDataSource       : HikariPool-1 - Shutdown completed.
2022-07-02 10:28:45.001  INFO 30468 --- [restartedMain] c.d.admin.DevelopBackEndApplication      : Starting DevelopBackEndApplication using Java 17.0.2 on Admin with PID 30468 (E:\nghia\Developer\developer\DevelopWebParent\DevelopBackEnd\target\classes started by Nghia in E:\nghia\Developer\developer\DevelopWebParent\DevelopBackEnd)
2022-07-02 10:28:45.001  INFO 30468 --- [restartedMain] c.d.admin.DevelopBackEndApplication      : No active profile set, falling back to 1 default profile: "default"
2022-07-02 10:28:45.147  INFO 30468 --- [restartedMain] .s.d.r.c.RepositoryConfigurationDelegate : Bootstrapping Spring Data JPA repositories in DEFAULT mode.
2022-07-02 10:28:45.159  INFO 30468 --- [restartedMain] .s.d.r.c.RepositoryConfigurationDelegate : Finished Spring Data repository scanning in 11 ms. Found 5 JPA repository interfaces.
2022-07-02 10:28:45.241  INFO 30468 --- [restartedMain] o.s.b.w.embedded.tomcat.TomcatWebServer  : Tomcat initialized with port(s): 8080 (http)
2022-07-02 10:28:45.241  INFO 30468 --- [restartedMain] o.apache.catalina.core.StandardService   : Starting service [Tomcat]
2022-07-02 10:28:45.241  INFO 30468 --- [restartedMain] org.apache.catalina.core.StandardEngine  : Starting Servlet engine: [Apache Tomcat/9.0.63]
2022-07-02 10:28:45.262  INFO 30468 --- [restartedMain] o.a.c.c.C.[.[localhost].[/DevelopAdmin]  : Initializing Spring embedded WebApplicationContext
2022-07-02 10:28:45.262  INFO 30468 --- [restartedMain] w.s.c.ServletWebServerApplicationContext : Root WebApplicationContext: initialization completed in 259 ms
2022-07-02 10:28:45.290  INFO 30468 --- [restartedMain] o.hibernate.jpa.internal.util.LogHelper  : HHH000204: Processing PersistenceUnitInfo [name: default]
2022-07-02 10:28:45.294  INFO 30468 --- [restartedMain] com.zaxxer.hikari.HikariDataSource       : HikariPool-2 - Starting...
2022-07-02 10:28:45.306  INFO 30468 --- [restartedMain] com.zaxxer.hikari.HikariDataSource       : HikariPool-2 - Start completed.
2022-07-02 10:28:45.306  INFO 30468 --- [restartedMain] org.hibernate.dialect.Dialect            : HHH000400: Using dialect: org.hibernate.dialect.MySQL8Dialect
2022-07-02 10:28:45.388  INFO 30468 --- [restartedMain] o.h.e.t.j.p.i.JtaPlatformInitiator       : HHH000490: Using JtaPlatform implementation: [org.hibernate.engine.transaction.jta.platform.internal.NoJtaPlatform]
2022-07-02 10:28:45.388  INFO 30468 --- [restartedMain] j.LocalContainerEntityManagerFactoryBean : Initialized JPA EntityManagerFactory for persistence unit 'default'
2022-07-02 10:28:45.404  WARN 30468 --- [restartedMain] JpaBaseConfiguration$JpaWebConfiguration : spring.jpa.open-in-view is enabled by default. Therefore, database queries may be performed during view rendering. Explicitly configure spring.jpa.open-in-view to disable this warning
2022-07-02 10:28:45.510  WARN 30468 --- [restartedMain] o.s.s.c.a.web.builders.WebSecurity       : You are asking Spring Security to ignore Ant [pattern='/css/**']. This is not recommended -- please use permitAll via HttpSecurity#authorizeHttpRequests instead.
2022-07-02 10:28:45.510  INFO 30468 --- [restartedMain] o.s.s.web.DefaultSecurityFilterChain     : Will not secure Ant [pattern='/css/**']
2022-07-02 10:28:45.510  WARN 30468 --- [restartedMain] o.s.s.c.a.web.builders.WebSecurity       : You are asking Spring Security to ignore Ant [pattern='/fonts/**']. This is not recommended -- please use permitAll via HttpSecurity#authorizeHttpRequests instead.
2022-07-02 10:28:45.510  INFO 30468 --- [restartedMain] o.s.s.web.DefaultSecurityFilterChain     : Will not secure Ant [pattern='/fonts/**']
2022-07-02 10:28:45.510  WARN 30468 --- [restartedMain] o.s.s.c.a.web.builders.WebSecurity       : You are asking Spring Security to ignore Ant [pattern='/images/**']. This is not recommended -- please use permitAll via HttpSecurity#authorizeHttpRequests instead.
2022-07-02 10:28:45.510  INFO 30468 --- [restartedMain] o.s.s.web.DefaultSecurityFilterChain     : Will not secure Ant [pattern='/images/**']
2022-07-02 10:28:45.510  WARN 30468 --- [restartedMain] o.s.s.c.a.web.builders.WebSecurity       : You are asking Spring Security to ignore Ant [pattern='/js/**']. This is not recommended -- please use permitAll via HttpSecurity#authorizeHttpRequests instead.
2022-07-02 10:28:45.510  INFO 30468 --- [restartedMain] o.s.s.web.DefaultSecurityFilterChain     : Will not secure Ant [pattern='/js/**']
2022-07-02 10:28:45.510  WARN 30468 --- [restartedMain] o.s.s.c.a.web.builders.WebSecurity       : You are asking Spring Security to ignore Ant [pattern='/vendor/**']. This is not recommended -- please use permitAll via HttpSecurity#authorizeHttpRequests instead.
2022-07-02 10:28:45.510  INFO 30468 --- [restartedMain] o.s.s.web.DefaultSecurityFilterChain     : Will not secure Ant [pattern='/vendor/**']
2022-07-02 10:28:45.510  WARN 30468 --- [restartedMain] o.s.s.c.a.web.builders.WebSecurity       : You are asking Spring Security to ignore Ant [pattern='/webjars/**']. This is not recommended -- please use permitAll via HttpSecurity#authorizeHttpRequests instead.
2022-07-02 10:28:45.510  INFO 30468 --- [restartedMain] o.s.s.web.DefaultSecurityFilterChain     : Will not secure Ant [pattern='/webjars/**']
2022-07-02 10:28:45.516  INFO 30468 --- [restartedMain] o.s.s.web.DefaultSecurityFilterChain     : Will secure any request with [org.springframework.security.web.session.DisableEncodeUrlFilter@11541b2e, org.springframework.security.web.context.request.async.WebAsyncManagerIntegrationFilter@7160121d, org.springframework.security.web.context.SecurityContextPersistenceFilter@21fb74b1, org.springframework.security.web.header.HeaderWriterFilter@38dce211, org.springframework.security.web.csrf.CsrfFilter@295b4eb9, org.springframework.security.web.authentication.logout.LogoutFilter@2c81fedd, org.springframework.security.web.authentication.UsernamePasswordAuthenticationFilter@3aeb74ea, org.springframework.security.web.savedrequest.RequestCacheAwareFilter@629da9b7, org.springframework.security.web.servletapi.SecurityContextHolderAwareRequestFilter@3d0e139f, org.springframework.security.web.authentication.rememberme.RememberMeAuthenticationFilter@7f44655c, org.springframework.security.web.authentication.AnonymousAuthenticationFilter@104d74ff, org.springframework.security.web.session.SessionManagementFilter@5226c6ca, org.springframework.security.web.access.ExceptionTranslationFilter@79075445, org.springframework.security.web.access.intercept.AuthorizationFilter@332a7fd6]
2022-07-02 10:28:45.555  INFO 30468 --- [restartedMain] o.s.b.a.w.s.WelcomePageHandlerMapping    : Adding welcome page template: index
2022-07-02 10:28:45.830  INFO 30468 --- [restartedMain] o.s.b.d.a.OptionalLiveReloadServer       : LiveReload server is running on port 35729
2022-07-02 10:28:45.839  INFO 30468 --- [restartedMain] o.s.b.w.embedded.tomcat.TomcatWebServer  : Tomcat started on port(s): 8080 (http) with context path '/DevelopAdmin'
2022-07-02 10:28:45.843  INFO 30468 --- [restartedMain] c.d.admin.DevelopBackEndApplication      : Started DevelopBackEndApplication in 0.865 seconds (JVM running for 1681.5)
2022-07-02 10:28:45.846  INFO 30468 --- [restartedMain] .ConditionEvaluationDeltaLoggingListener : Condition evaluation unchanged
2022-07-02 10:29:16.749  INFO 30468 --- [Thread-7] j.LocalContainerEntityManagerFactoryBean : Closing JPA EntityManagerFactory for persistence unit 'default'
2022-07-02 10:29:16.750  INFO 30468 --- [Thread-7] com.zaxxer.hikari.HikariDataSource       : HikariPool-2 - Shutdown initiated...
2022-07-02 10:29:16.753  INFO 30468 --- [Thread-7] com.zaxxer.hikari.HikariDataSource       : HikariPool-2 - Shutdown completed.
2022-07-02 10:29:16.801  INFO 30468 --- [restartedMain] c.d.admin.DevelopBackEndApplication      : Starting DevelopBackEndApplication using Java 17.0.2 on Admin with PID 30468 (E:\nghia\Developer\developer\DevelopWebParent\DevelopBackEnd\target\classes started by Nghia in E:\nghia\Developer\developer\DevelopWebParent\DevelopBackEnd)
2022-07-02 10:29:16.801  INFO 30468 --- [restartedMain] c.d.admin.DevelopBackEndApplication      : No active profile set, falling back to 1 default profile: "default"
2022-07-02 10:29:16.917  INFO 30468 --- [restartedMain] .s.d.r.c.RepositoryConfigurationDelegate : Bootstrapping Spring Data JPA repositories in DEFAULT mode.
2022-07-02 10:29:16.927  INFO 30468 --- [restartedMain] .s.d.r.c.RepositoryConfigurationDelegate : Finished Spring Data repository scanning in 10 ms. Found 5 JPA repository interfaces.
2022-07-02 10:29:16.990  INFO 30468 --- [restartedMain] o.s.b.w.embedded.tomcat.TomcatWebServer  : Tomcat initialized with port(s): 8080 (http)
2022-07-02 10:29:16.990  INFO 30468 --- [restartedMain] o.apache.catalina.core.StandardService   : Starting service [Tomcat]
2022-07-02 10:29:16.991  INFO 30468 --- [restartedMain] org.apache.catalina.core.StandardEngine  : Starting Servlet engine: [Apache Tomcat/9.0.63]
2022-07-02 10:29:17.008  INFO 30468 --- [restartedMain] o.a.c.c.C.[.[localhost].[/DevelopAdmin]  : Initializing Spring embedded WebApplicationContext
2022-07-02 10:29:17.008  INFO 30468 --- [restartedMain] w.s.c.ServletWebServerApplicationContext : Root WebApplicationContext: initialization completed in 205 ms
2022-07-02 10:29:17.035  INFO 30468 --- [restartedMain] o.hibernate.jpa.internal.util.LogHelper  : HHH000204: Processing PersistenceUnitInfo [name: default]
2022-07-02 10:29:17.039  INFO 30468 --- [restartedMain] com.zaxxer.hikari.HikariDataSource       : HikariPool-3 - Starting...
2022-07-02 10:29:17.053  INFO 30468 --- [restartedMain] com.zaxxer.hikari.HikariDataSource       : HikariPool-3 - Start completed.
2022-07-02 10:29:17.053  INFO 30468 --- [restartedMain] org.hibernate.dialect.Dialect            : HHH000400: Using dialect: org.hibernate.dialect.MySQL8Dialect
2022-07-02 10:29:17.127  INFO 30468 --- [restartedMain] o.h.e.t.j.p.i.JtaPlatformInitiator       : HHH000490: Using JtaPlatform implementation: [org.hibernate.engine.transaction.jta.platform.internal.NoJtaPlatform]
2022-07-02 10:29:17.127  INFO 30468 --- [restartedMain] j.LocalContainerEntityManagerFactoryBean : Initialized JPA EntityManagerFactory for persistence unit 'default'
2022-07-02 10:29:17.141  WARN 30468 --- [restartedMain] JpaBaseConfiguration$JpaWebConfiguration : spring.jpa.open-in-view is enabled by default. Therefore, database queries may be performed during view rendering. Explicitly configure spring.jpa.open-in-view to disable this warning
2022-07-02 10:29:17.217  WARN 30468 --- [restartedMain] o.s.s.c.a.web.builders.WebSecurity       : You are asking Spring Security to ignore Ant [pattern='/css/**']. This is not recommended -- please use permitAll via HttpSecurity#authorizeHttpRequests instead.
2022-07-02 10:29:17.217  INFO 30468 --- [restartedMain] o.s.s.web.DefaultSecurityFilterChain     : Will not secure Ant [pattern='/css/**']
2022-07-02 10:29:17.217  WARN 30468 --- [restartedMain] o.s.s.c.a.web.builders.WebSecurity       : You are asking Spring Security to ignore Ant [pattern='/fonts/**']. This is not recommended -- please use permitAll via HttpSecurity#authorizeHttpRequests instead.
2022-07-02 10:29:17.217  INFO 30468 --- [restartedMain] o.s.s.web.DefaultSecurityFilterChain     : Will not secure Ant [pattern='/fonts/**']
2022-07-02 10:29:17.217  WARN 30468 --- [restartedMain] o.s.s.c.a.web.builders.WebSecurity       : You are asking Spring Security to ignore Ant [pattern='/images/**']. This is not recommended -- please use permitAll via HttpSecurity#authorizeHttpRequests instead.
2022-07-02 10:29:17.217  INFO 30468 --- [restartedMain] o.s.s.web.DefaultSecurityFilterChain     : Will not secure Ant [pattern='/images/**']
2022-07-02 10:29:17.217  WARN 30468 --- [restartedMain] o.s.s.c.a.web.builders.WebSecurity       : You are asking Spring Security to ignore Ant [pattern='/js/**']. This is not recommended -- please use permitAll via HttpSecurity#authorizeHttpRequests instead.
2022-07-02 10:29:17.217  INFO 30468 --- [restartedMain] o.s.s.web.DefaultSecurityFilterChain     : Will not secure Ant [pattern='/js/**']
2022-07-02 10:29:17.217  WARN 30468 --- [restartedMain] o.s.s.c.a.web.builders.WebSecurity       : You are asking Spring Security to ignore Ant [pattern='/vendor/**']. This is not recommended -- please use permitAll via HttpSecurity#authorizeHttpRequests instead.
2022-07-02 10:29:17.217  INFO 30468 --- [restartedMain] o.s.s.web.DefaultSecurityFilterChain     : Will not secure Ant [pattern='/vendor/**']
2022-07-02 10:29:17.217  WARN 30468 --- [restartedMain] o.s.s.c.a.web.builders.WebSecurity       : You are asking Spring Security to ignore Ant [pattern='/webjars/**']. This is not recommended -- please use permitAll via HttpSecurity#authorizeHttpRequests instead.
2022-07-02 10:29:17.217  INFO 30468 --- [restartedMain] o.s.s.web.DefaultSecurityFilterChain     : Will not secure Ant [pattern='/webjars/**']
2022-07-02 10:29:17.222  INFO 30468 --- [restartedMain] o.s.s.web.DefaultSecurityFilterChain     : Will secure any request with [org.springframework.security.web.session.DisableEncodeUrlFilter@7f157fa0, org.springframework.security.web.context.request.async.WebAsyncManagerIntegrationFilter@70b005f4, org.springframework.security.web.context.SecurityContextPersistenceFilter@57e7f6ab, org.springframework.security.web.header.HeaderWriterFilter@751e3980, org.springframework.security.web.csrf.CsrfFilter@432ba5e8, org.springframework.security.web.authentication.logout.LogoutFilter@34d052e6, org.springframework.security.web.authentication.UsernamePasswordAuthenticationFilter@ed91320, org.springframework.security.web.savedrequest.RequestCacheAwareFilter@79948192, org.springframework.security.web.servletapi.SecurityContextHolderAwareRequestFilter@7d426519, org.springframework.security.web.authentication.rememberme.RememberMeAuthenticationFilter@3828377f, org.springframework.security.web.authentication.AnonymousAuthenticationFilter@363648d1, org.springframework.security.web.session.SessionManagementFilter@497d1e89, org.springframework.security.web.access.ExceptionTranslationFilter@5e1e1875, org.springframework.security.web.access.intercept.AuthorizationFilter@7910779]
2022-07-02 10:29:17.250  INFO 30468 --- [restartedMain] o.s.b.a.w.s.WelcomePageHandlerMapping    : Adding welcome page template: index
2022-07-02 10:29:17.489  INFO 30468 --- [restartedMain] o.s.b.d.a.OptionalLiveReloadServer       : LiveReload server is running on port 35729
2022-07-02 10:29:17.497  INFO 30468 --- [restartedMain] o.s.b.w.embedded.tomcat.TomcatWebServer  : Tomcat started on port(s): 8080 (http) with context path '/DevelopAdmin'
2022-07-02 10:29:17.500  INFO 30468 --- [restartedMain] c.d.admin.DevelopBackEndApplication      : Started DevelopBackEndApplication in 0.718 seconds (JVM running for 1713.157)
2022-07-02 10:29:17.502  INFO 30468 --- [restartedMain] .ConditionEvaluationDeltaLoggingListener : Condition evaluation unchanged
2022-07-02 10:29:40.338  INFO 30468 --- [Thread-11] j.LocalContainerEntityManagerFactoryBean : Closing JPA EntityManagerFactory for persistence unit 'default'
2022-07-02 10:29:40.338  INFO 30468 --- [Thread-11] com.zaxxer.hikari.HikariDataSource       : HikariPool-3 - Shutdown initiated...
2022-07-02 10:29:40.340  INFO 30468 --- [Thread-11] com.zaxxer.hikari.HikariDataSource       : HikariPool-3 - Shutdown completed.
2022-07-02 10:29:40.387  INFO 30468 --- [restartedMain] c.d.admin.DevelopBackEndApplication      : Starting DevelopBackEndApplication using Java 17.0.2 on Admin with PID 30468 (E:\nghia\Developer\developer\DevelopWebParent\DevelopBackEnd\target\classes started by Nghia in E:\nghia\Developer\developer\DevelopWebParent\DevelopBackEnd)
2022-07-02 10:29:40.387  INFO 30468 --- [restartedMain] c.d.admin.DevelopBackEndApplication      : No active profile set, falling back to 1 default profile: "default"
2022-07-02 10:29:40.498  INFO 30468 --- [restartedMain] .s.d.r.c.RepositoryConfigurationDelegate : Bootstrapping Spring Data JPA repositories in DEFAULT mode.
2022-07-02 10:29:40.507  INFO 30468 --- [restartedMain] .s.d.r.c.RepositoryConfigurationDelegate : Finished Spring Data repository scanning in 9 ms. Found 5 JPA repository interfaces.
2022-07-02 10:29:40.565  INFO 30468 --- [restartedMain] o.s.b.w.embedded.tomcat.TomcatWebServer  : Tomcat initialized with port(s): 8080 (http)
2022-07-02 10:29:40.565  INFO 30468 --- [restartedMain] o.apache.catalina.core.StandardService   : Starting service [Tomcat]
2022-07-02 10:29:40.565  INFO 30468 --- [restartedMain] org.apache.catalina.core.StandardEngine  : Starting Servlet engine: [Apache Tomcat/9.0.63]
2022-07-02 10:29:40.582  INFO 30468 --- [restartedMain] o.a.c.c.C.[.[localhost].[/DevelopAdmin]  : Initializing Spring embedded WebApplicationContext
2022-07-02 10:29:40.582  INFO 30468 --- [restartedMain] w.s.c.ServletWebServerApplicationContext : Root WebApplicationContext: initialization completed in 193 ms
2022-07-02 10:29:40.613  INFO 30468 --- [restartedMain] o.hibernate.jpa.internal.util.LogHelper  : HHH000204: Processing PersistenceUnitInfo [name: default]
2022-07-02 10:29:40.617  INFO 30468 --- [restartedMain] com.zaxxer.hikari.HikariDataSource       : HikariPool-4 - Starting...
2022-07-02 10:29:40.626  INFO 30468 --- [restartedMain] com.zaxxer.hikari.HikariDataSource       : HikariPool-4 - Start completed.
2022-07-02 10:29:40.626  INFO 30468 --- [restartedMain] org.hibernate.dialect.Dialect            : HHH000400: Using dialect: org.hibernate.dialect.MySQL8Dialect
2022-07-02 10:29:40.692  INFO 30468 --- [restartedMain] o.h.e.t.j.p.i.JtaPlatformInitiator       : HHH000490: Using JtaPlatform implementation: [org.hibernate.engine.transaction.jta.platform.internal.NoJtaPlatform]
2022-07-02 10:29:40.692  INFO 30468 --- [restartedMain] j.LocalContainerEntityManagerFactoryBean : Initialized JPA EntityManagerFactory for persistence unit 'default'
2022-07-02 10:29:40.705  WARN 30468 --- [restartedMain] JpaBaseConfiguration$JpaWebConfiguration : spring.jpa.open-in-view is enabled by default. Therefore, database queries may be performed during view rendering. Explicitly configure spring.jpa.open-in-view to disable this warning
2022-07-02 10:29:40.779  WARN 30468 --- [restartedMain] o.s.s.c.a.web.builders.WebSecurity       : You are asking Spring Security to ignore Ant [pattern='/css/**']. This is not recommended -- please use permitAll via HttpSecurity#authorizeHttpRequests instead.
2022-07-02 10:29:40.779  INFO 30468 --- [restartedMain] o.s.s.web.DefaultSecurityFilterChain     : Will not secure Ant [pattern='/css/**']
2022-07-02 10:29:40.779  WARN 30468 --- [restartedMain] o.s.s.c.a.web.builders.WebSecurity       : You are asking Spring Security to ignore Ant [pattern='/fonts/**']. This is not recommended -- please use permitAll via HttpSecurity#authorizeHttpRequests instead.
2022-07-02 10:29:40.779  INFO 30468 --- [restartedMain] o.s.s.web.DefaultSecurityFilterChain     : Will not secure Ant [pattern='/fonts/**']
2022-07-02 10:29:40.779  WARN 30468 --- [restartedMain] o.s.s.c.a.web.builders.WebSecurity       : You are asking Spring Security to ignore Ant [pattern='/images/**']. This is not recommended -- please use permitAll via HttpSecurity#authorizeHttpRequests instead.
2022-07-02 10:29:40.779  INFO 30468 --- [restartedMain] o.s.s.web.DefaultSecurityFilterChain     : Will not secure Ant [pattern='/images/**']
2022-07-02 10:29:40.779  WARN 30468 --- [restartedMain] o.s.s.c.a.web.builders.WebSecurity       : You are asking Spring Security to ignore Ant [pattern='/js/**']. This is not recommended -- please use permitAll via HttpSecurity#authorizeHttpRequests instead.
2022-07-02 10:29:40.779  INFO 30468 --- [restartedMain] o.s.s.web.DefaultSecurityFilterChain     : Will not secure Ant [pattern='/js/**']
2022-07-02 10:29:40.779  WARN 30468 --- [restartedMain] o.s.s.c.a.web.builders.WebSecurity       : You are asking Spring Security to ignore Ant [pattern='/vendor/**']. This is not recommended -- please use permitAll via HttpSecurity#authorizeHttpRequests instead.
2022-07-02 10:29:40.779  INFO 30468 --- [restartedMain] o.s.s.web.DefaultSecurityFilterChain     : Will not secure Ant [pattern='/vendor/**']
2022-07-02 10:29:40.779  WARN 30468 --- [restartedMain] o.s.s.c.a.web.builders.WebSecurity       : You are asking Spring Security to ignore Ant [pattern='/webjars/**']. This is not recommended -- please use permitAll via HttpSecurity#authorizeHttpRequests instead.
2022-07-02 10:29:40.779  INFO 30468 --- [restartedMain] o.s.s.web.DefaultSecurityFilterChain     : Will not secure Ant [pattern='/webjars/**']
2022-07-02 10:29:40.787  INFO 30468 --- [restartedMain] o.s.s.web.DefaultSecurityFilterChain     : Will secure any request with [org.springframework.security.web.session.DisableEncodeUrlFilter@3d73b848, org.springframework.security.web.context.request.async.WebAsyncManagerIntegrationFilter@2492c5af, org.springframework.security.web.context.SecurityContextPersistenceFilter@249123bd, org.springframework.security.web.header.HeaderWriterFilter@4552183f, org.springframework.security.web.csrf.CsrfFilter@14368615, org.springframework.security.web.authentication.logout.LogoutFilter@29f93121, org.springframework.security.web.authentication.UsernamePasswordAuthenticationFilter@8033be4, org.springframework.security.web.savedrequest.RequestCacheAwareFilter@6dcdeb30, org.springframework.security.web.servletapi.SecurityContextHolderAwareRequestFilter@380b8556, org.springframework.security.web.authentication.rememberme.RememberMeAuthenticationFilter@681363fc, org.springframework.security.web.authentication.AnonymousAuthenticationFilter@35df06c2, org.springframework.security.web.session.SessionManagementFilter@4b71b10, org.springframework.security.web.access.ExceptionTranslationFilter@12db79d6, org.springframework.security.web.access.intercept.AuthorizationFilter@4f2aca5b]
2022-07-02 10:29:40.822  INFO 30468 --- [restartedMain] o.s.b.a.w.s.WelcomePageHandlerMapping    : Adding welcome page template: index
2022-07-02 10:29:41.087  INFO 30468 --- [restartedMain] o.s.b.d.a.OptionalLiveReloadServer       : LiveReload server is running on port 35729
2022-07-02 10:29:41.095  INFO 30468 --- [restartedMain] o.s.b.w.embedded.tomcat.TomcatWebServer  : Tomcat started on port(s): 8080 (http) with context path '/DevelopAdmin'
2022-07-02 10:29:41.098  INFO 30468 --- [restartedMain] c.d.admin.DevelopBackEndApplication      : Started DevelopBackEndApplication in 0.728 seconds (JVM running for 1736.756)
2022-07-02 10:29:41.100  INFO 30468 --- [restartedMain] .ConditionEvaluationDeltaLoggingListener : Condition evaluation unchanged
2022-07-02 10:31:01.866  INFO 30468 --- [Thread-15] j.LocalContainerEntityManagerFactoryBean : Closing JPA EntityManagerFactory for persistence unit 'default'
2022-07-02 10:31:01.866  INFO 30468 --- [Thread-15] com.zaxxer.hikari.HikariDataSource       : HikariPool-4 - Shutdown initiated...
2022-07-02 10:31:01.868  INFO 30468 --- [Thread-15] com.zaxxer.hikari.HikariDataSource       : HikariPool-4 - Shutdown completed.
2022-07-02 10:31:01.919  INFO 30468 --- [restartedMain] c.d.admin.DevelopBackEndApplication      : Starting DevelopBackEndApplication using Java 17.0.2 on Admin with PID 30468 (E:\nghia\Developer\developer\DevelopWebParent\DevelopBackEnd\target\classes started by Nghia in E:\nghia\Developer\developer\DevelopWebParent\DevelopBackEnd)
2022-07-02 10:31:01.919  INFO 30468 --- [restartedMain] c.d.admin.DevelopBackEndApplication      : No active profile set, falling back to 1 default profile: "default"
2022-07-02 10:31:02.032  INFO 30468 --- [restartedMain] .s.d.r.c.RepositoryConfigurationDelegate : Bootstrapping Spring Data JPA repositories in DEFAULT mode.
2022-07-02 10:31:02.043  INFO 30468 --- [restartedMain] .s.d.r.c.RepositoryConfigurationDelegate : Finished Spring Data repository scanning in 10 ms. Found 5 JPA repository interfaces.
2022-07-02 10:31:02.102  INFO 30468 --- [restartedMain] o.s.b.w.embedded.tomcat.TomcatWebServer  : Tomcat initialized with port(s): 8080 (http)
2022-07-02 10:31:02.103  INFO 30468 --- [restartedMain] o.apache.catalina.core.StandardService   : Starting service [Tomcat]
2022-07-02 10:31:02.103  INFO 30468 --- [restartedMain] org.apache.catalina.core.StandardEngine  : Starting Servlet engine: [Apache Tomcat/9.0.63]
2022-07-02 10:31:02.121  INFO 30468 --- [restartedMain] o.a.c.c.C.[.[localhost].[/DevelopAdmin]  : Initializing Spring embedded WebApplicationContext
2022-07-02 10:31:02.121  INFO 30468 --- [restartedMain] w.s.c.ServletWebServerApplicationContext : Root WebApplicationContext: initialization completed in 201 ms
2022-07-02 10:31:02.145  INFO 30468 --- [restartedMain] o.hibernate.jpa.internal.util.LogHelper  : HHH000204: Processing PersistenceUnitInfo [name: default]
2022-07-02 10:31:02.149  INFO 30468 --- [restartedMain] com.zaxxer.hikari.HikariDataSource       : HikariPool-5 - Starting...
2022-07-02 10:31:02.159  INFO 30468 --- [restartedMain] com.zaxxer.hikari.HikariDataSource       : HikariPool-5 - Start completed.
2022-07-02 10:31:02.159  INFO 30468 --- [restartedMain] org.hibernate.dialect.Dialect            : HHH000400: Using dialect: org.hibernate.dialect.MySQL8Dialect
2022-07-02 10:31:02.228  INFO 30468 --- [restartedMain] o.h.e.t.j.p.i.JtaPlatformInitiator       : HHH000490: Using JtaPlatform implementation: [org.hibernate.engine.transaction.jta.platform.internal.NoJtaPlatform]
2022-07-02 10:31:02.229  INFO 30468 --- [restartedMain] j.LocalContainerEntityManagerFactoryBean : Initialized JPA EntityManagerFactory for persistence unit 'default'
2022-07-02 10:31:02.242  WARN 30468 --- [restartedMain] JpaBaseConfiguration$JpaWebConfiguration : spring.jpa.open-in-view is enabled by default. Therefore, database queries may be performed during view rendering. Explicitly configure spring.jpa.open-in-view to disable this warning
2022-07-02 10:31:02.319  WARN 30468 --- [restartedMain] o.s.s.c.a.web.builders.WebSecurity       : You are asking Spring Security to ignore Ant [pattern='/css/**']. This is not recommended -- please use permitAll via HttpSecurity#authorizeHttpRequests instead.
2022-07-02 10:31:02.319  INFO 30468 --- [restartedMain] o.s.s.web.DefaultSecurityFilterChain     : Will not secure Ant [pattern='/css/**']
2022-07-02 10:31:02.319  WARN 30468 --- [restartedMain] o.s.s.c.a.web.builders.WebSecurity       : You are asking Spring Security to ignore Ant [pattern='/fonts/**']. This is not recommended -- please use permitAll via HttpSecurity#authorizeHttpRequests instead.
2022-07-02 10:31:02.320  INFO 30468 --- [restartedMain] o.s.s.web.DefaultSecurityFilterChain     : Will not secure Ant [pattern='/fonts/**']
2022-07-02 10:31:02.320  WARN 30468 --- [restartedMain] o.s.s.c.a.web.builders.WebSecurity       : You are asking Spring Security to ignore Ant [pattern='/images/**']. This is not recommended -- please use permitAll via HttpSecurity#authorizeHttpRequests instead.
2022-07-02 10:31:02.320  INFO 30468 --- [restartedMain] o.s.s.web.DefaultSecurityFilterChain     : Will not secure Ant [pattern='/images/**']
2022-07-02 10:31:02.320  WARN 30468 --- [restartedMain] o.s.s.c.a.web.builders.WebSecurity       : You are asking Spring Security to ignore Ant [pattern='/js/**']. This is not recommended -- please use permitAll via HttpSecurity#authorizeHttpRequests instead.
2022-07-02 10:31:02.320  INFO 30468 --- [restartedMain] o.s.s.web.DefaultSecurityFilterChain     : Will not secure Ant [pattern='/js/**']
2022-07-02 10:31:02.320  WARN 30468 --- [restartedMain] o.s.s.c.a.web.builders.WebSecurity       : You are asking Spring Security to ignore Ant [pattern='/vendor/**']. This is not recommended -- please use permitAll via HttpSecurity#authorizeHttpRequests instead.
2022-07-02 10:31:02.320  INFO 30468 --- [restartedMain] o.s.s.web.DefaultSecurityFilterChain     : Will not secure Ant [pattern='/vendor/**']
2022-07-02 10:31:02.320  WARN 30468 --- [restartedMain] o.s.s.c.a.web.builders.WebSecurity       : You are asking Spring Security to ignore Ant [pattern='/webjars/**']. This is not recommended -- please use permitAll via HttpSecurity#authorizeHttpRequests instead.
2022-07-02 10:31:02.320  INFO 30468 --- [restartedMain] o.s.s.web.DefaultSecurityFilterChain     : Will not secure Ant [pattern='/webjars/**']
2022-07-02 10:31:02.325  INFO 30468 --- [restartedMain] o.s.s.web.DefaultSecurityFilterChain     : Will secure any request with [org.springframework.security.web.session.DisableEncodeUrlFilter@27b55d99, org.springframework.security.web.context.request.async.WebAsyncManagerIntegrationFilter@6b56b343, org.springframework.security.web.context.SecurityContextPersistenceFilter@6a9b1adc, org.springframework.security.web.header.HeaderWriterFilter@7eed1cd7, org.springframework.security.web.csrf.CsrfFilter@72975f46, org.springframework.security.web.authentication.logout.LogoutFilter@1738fec9, org.springframework.security.web.authentication.UsernamePasswordAuthenticationFilter@73765853, org.springframework.security.web.savedrequest.RequestCacheAwareFilter@61d327c9, org.springframework.security.web.servletapi.SecurityContextHolderAwareRequestFilter@77ce8480, org.springframework.security.web.authentication.rememberme.RememberMeAuthenticationFilter@23e82e42, org.springframework.security.web.authentication.AnonymousAuthenticationFilter@2a23caba, org.springframework.security.web.session.SessionManagementFilter@223e0cb2, org.springframework.security.web.access.ExceptionTranslationFilter@5d9adb35, org.springframework.security.web.access.intercept.AuthorizationFilter@6cc40d69]
2022-07-02 10:31:02.351  INFO 30468 --- [restartedMain] o.s.b.a.w.s.WelcomePageHandlerMapping    : Adding welcome page template: index
2022-07-02 10:31:02.611  INFO 30468 --- [restartedMain] o.s.b.d.a.OptionalLiveReloadServer       : LiveReload server is running on port 35729
2022-07-02 10:31:02.618  INFO 30468 --- [restartedMain] o.s.b.w.embedded.tomcat.TomcatWebServer  : Tomcat started on port(s): 8080 (http) with context path '/DevelopAdmin'
2022-07-02 10:31:02.621  INFO 30468 --- [restartedMain] c.d.admin.DevelopBackEndApplication      : Started DevelopBackEndApplication in 0.72 seconds (JVM running for 1818.279)
2022-07-02 10:31:02.622  INFO 30468 --- [restartedMain] .ConditionEvaluationDeltaLoggingListener : Condition evaluation unchanged
2022-07-02 10:32:47.687  INFO 30468 --- [Thread-19] j.LocalContainerEntityManagerFactoryBean : Closing JPA EntityManagerFactory for persistence unit 'default'
2022-07-02 10:32:47.688  INFO 30468 --- [Thread-19] com.zaxxer.hikari.HikariDataSource       : HikariPool-5 - Shutdown initiated...
2022-07-02 10:32:47.693  INFO 30468 --- [Thread-19] com.zaxxer.hikari.HikariDataSource       : HikariPool-5 - Shutdown completed.
2022-07-02 10:32:47.748  INFO 30468 --- [restartedMain] c.d.admin.DevelopBackEndApplication      : Starting DevelopBackEndApplication using Java 17.0.2 on Admin with PID 30468 (E:\nghia\Developer\developer\DevelopWebParent\DevelopBackEnd\target\classes started by Nghia in E:\nghia\Developer\developer\DevelopWebParent\DevelopBackEnd)
2022-07-02 10:32:47.748  INFO 30468 --- [restartedMain] c.d.admin.DevelopBackEndApplication      : No active profile set, falling back to 1 default profile: "default"
2022-07-02 10:32:47.859  INFO 30468 --- [restartedMain] .s.d.r.c.RepositoryConfigurationDelegate : Bootstrapping Spring Data JPA repositories in DEFAULT mode.
2022-07-02 10:32:47.872  INFO 30468 --- [restartedMain] .s.d.r.c.RepositoryConfigurationDelegate : Finished Spring Data repository scanning in 12 ms. Found 5 JPA repository interfaces.
2022-07-02 10:32:47.936  INFO 30468 --- [restartedMain] o.s.b.w.embedded.tomcat.TomcatWebServer  : Tomcat initialized with port(s): 8080 (http)
2022-07-02 10:32:47.937  INFO 30468 --- [restartedMain] o.apache.catalina.core.StandardService   : Starting service [Tomcat]
2022-07-02 10:32:47.937  INFO 30468 --- [restartedMain] org.apache.catalina.core.StandardEngine  : Starting Servlet engine: [Apache Tomcat/9.0.63]
2022-07-02 10:32:47.954  INFO 30468 --- [restartedMain] o.a.c.c.C.[.[localhost].[/DevelopAdmin]  : Initializing Spring embedded WebApplicationContext
2022-07-02 10:32:47.954  INFO 30468 --- [restartedMain] w.s.c.ServletWebServerApplicationContext : Root WebApplicationContext: initialization completed in 204 ms
2022-07-02 10:32:47.978  INFO 30468 --- [restartedMain] o.hibernate.jpa.internal.util.LogHelper  : HHH000204: Processing PersistenceUnitInfo [name: default]
2022-07-02 10:32:47.983  INFO 30468 --- [restartedMain] com.zaxxer.hikari.HikariDataSource       : HikariPool-6 - Starting...
2022-07-02 10:32:47.992  INFO 30468 --- [restartedMain] com.zaxxer.hikari.HikariDataSource       : HikariPool-6 - Start completed.
2022-07-02 10:32:47.992  INFO 30468 --- [restartedMain] org.hibernate.dialect.Dialect            : HHH000400: Using dialect: org.hibernate.dialect.MySQL8Dialect
2022-07-02 10:32:48.054  INFO 30468 --- [restartedMain] o.h.e.t.j.p.i.JtaPlatformInitiator       : HHH000490: Using JtaPlatform implementation: [org.hibernate.engine.transaction.jta.platform.internal.NoJtaPlatform]
2022-07-02 10:32:48.054  INFO 30468 --- [restartedMain] j.LocalContainerEntityManagerFactoryBean : Initialized JPA EntityManagerFactory for persistence unit 'default'
2022-07-02 10:32:48.068  WARN 30468 --- [restartedMain] JpaBaseConfiguration$JpaWebConfiguration : spring.jpa.open-in-view is enabled by default. Therefore, database queries may be performed during view rendering. Explicitly configure spring.jpa.open-in-view to disable this warning
2022-07-02 10:32:48.141  WARN 30468 --- [restartedMain] o.s.s.c.a.web.builders.WebSecurity       : You are asking Spring Security to ignore Ant [pattern='/css/**']. This is not recommended -- please use permitAll via HttpSecurity#authorizeHttpRequests instead.
2022-07-02 10:32:48.141  INFO 30468 --- [restartedMain] o.s.s.web.DefaultSecurityFilterChain     : Will not secure Ant [pattern='/css/**']
2022-07-02 10:32:48.141  WARN 30468 --- [restartedMain] o.s.s.c.a.web.builders.WebSecurity       : You are asking Spring Security to ignore Ant [pattern='/fonts/**']. This is not recommended -- please use permitAll via HttpSecurity#authorizeHttpRequests instead.
2022-07-02 10:32:48.142  INFO 30468 --- [restartedMain] o.s.s.web.DefaultSecurityFilterChain     : Will not secure Ant [pattern='/fonts/**']
2022-07-02 10:32:48.142  WARN 30468 --- [restartedMain] o.s.s.c.a.web.builders.WebSecurity       : You are asking Spring Security to ignore Ant [pattern='/images/**']. This is not recommended -- please use permitAll via HttpSecurity#authorizeHttpRequests instead.
2022-07-02 10:32:48.142  INFO 30468 --- [restartedMain] o.s.s.web.DefaultSecurityFilterChain     : Will not secure Ant [pattern='/images/**']
2022-07-02 10:32:48.142  WARN 30468 --- [restartedMain] o.s.s.c.a.web.builders.WebSecurity       : You are asking Spring Security to ignore Ant [pattern='/js/**']. This is not recommended -- please use permitAll via HttpSecurity#authorizeHttpRequests instead.
2022-07-02 10:32:48.142  INFO 30468 --- [restartedMain] o.s.s.web.DefaultSecurityFilterChain     : Will not secure Ant [pattern='/js/**']
2022-07-02 10:32:48.142  WARN 30468 --- [restartedMain] o.s.s.c.a.web.builders.WebSecurity       : You are asking Spring Security to ignore Ant [pattern='/vendor/**']. This is not recommended -- please use permitAll via HttpSecurity#authorizeHttpRequests instead.
2022-07-02 10:32:48.142  INFO 30468 --- [restartedMain] o.s.s.web.DefaultSecurityFilterChain     : Will not secure Ant [pattern='/vendor/**']
2022-07-02 10:32:48.142  WARN 30468 --- [restartedMain] o.s.s.c.a.web.builders.WebSecurity       : You are asking Spring Security to ignore Ant [pattern='/webjars/**']. This is not recommended -- please use permitAll via HttpSecurity#authorizeHttpRequests instead.
2022-07-02 10:32:48.142  INFO 30468 --- [restartedMain] o.s.s.web.DefaultSecurityFilterChain     : Will not secure Ant [pattern='/webjars/**']
2022-07-02 10:32:48.147  INFO 30468 --- [restartedMain] o.s.s.web.DefaultSecurityFilterChain     : Will secure any request with [org.springframework.security.web.session.DisableEncodeUrlFilter@8535d6e, org.springframework.security.web.context.request.async.WebAsyncManagerIntegrationFilter@1dcdae6f, org.springframework.security.web.context.SecurityContextPersistenceFilter@4aeca75a, org.springframework.security.web.header.HeaderWriterFilter@3f0dd19, org.springframework.security.web.csrf.CsrfFilter@27d696e, org.springframework.security.web.authentication.logout.LogoutFilter@7f323b3b, org.springframework.security.web.authentication.UsernamePasswordAuthenticationFilter@1e8748cd, org.springframework.security.web.savedrequest.RequestCacheAwareFilter@6a3808bf, org.springframework.security.web.servletapi.SecurityContextHolderAwareRequestFilter@6fa508f4, org.springframework.security.web.authentication.rememberme.RememberMeAuthenticationFilter@708243c5, org.springframework.security.web.authentication.AnonymousAuthenticationFilter@39284c3b, org.springframework.security.web.session.SessionManagementFilter@23b38c5b, org.springframework.security.web.access.ExceptionTranslationFilter@38e302ea, org.springframework.security.web.access.intercept.AuthorizationFilter@12c0e972]
2022-07-02 10:32:48.178  INFO 30468 --- [restartedMain] o.s.b.a.w.s.WelcomePageHandlerMapping    : Adding welcome page template: index
2022-07-02 10:32:48.447  INFO 30468 --- [restartedMain] o.s.b.d.a.OptionalLiveReloadServer       : LiveReload server is running on port 35729
2022-07-02 10:32:48.455  INFO 30468 --- [restartedMain] o.s.b.w.embedded.tomcat.TomcatWebServer  : Tomcat started on port(s): 8080 (http) with context path '/DevelopAdmin'
2022-07-02 10:32:48.459  INFO 30468 --- [restartedMain] c.d.admin.DevelopBackEndApplication      : Started DevelopBackEndApplication in 0.729 seconds (JVM running for 1924.117)
2022-07-02 10:32:48.461  INFO 30468 --- [restartedMain] .ConditionEvaluationDeltaLoggingListener : Condition evaluation unchanged
2022-07-02 10:33:14.343  INFO 30468 --- [Thread-23] j.LocalContainerEntityManagerFactoryBean : Closing JPA EntityManagerFactory for persistence unit 'default'
2022-07-02 10:33:14.343  INFO 30468 --- [Thread-23] com.zaxxer.hikari.HikariDataSource       : HikariPool-6 - Shutdown initiated...
2022-07-02 10:33:14.347  INFO 30468 --- [Thread-23] com.zaxxer.hikari.HikariDataSource       : HikariPool-6 - Shutdown completed.
2022-07-02 10:33:14.395  INFO 30468 --- [restartedMain] c.d.admin.DevelopBackEndApplication      : Starting DevelopBackEndApplication using Java 17.0.2 on Admin with PID 30468 (E:\nghia\Developer\developer\DevelopWebParent\DevelopBackEnd\target\classes started by Nghia in E:\nghia\Developer\developer\DevelopWebParent\DevelopBackEnd)
2022-07-02 10:33:14.395  INFO 30468 --- [restartedMain] c.d.admin.DevelopBackEndApplication      : No active profile set, falling back to 1 default profile: "default"
2022-07-02 10:33:14.505  INFO 30468 --- [restartedMain] .s.d.r.c.RepositoryConfigurationDelegate : Bootstrapping Spring Data JPA repositories in DEFAULT mode.
2022-07-02 10:33:14.515  INFO 30468 --- [restartedMain] .s.d.r.c.RepositoryConfigurationDelegate : Finished Spring Data repository scanning in 10 ms. Found 5 JPA repository interfaces.
2022-07-02 10:33:14.572  INFO 30468 --- [restartedMain] o.s.b.w.embedded.tomcat.TomcatWebServer  : Tomcat initialized with port(s): 8080 (http)
2022-07-02 10:33:14.573  INFO 30468 --- [restartedMain] o.apache.catalina.core.StandardService   : Starting service [Tomcat]
2022-07-02 10:33:14.573  INFO 30468 --- [restartedMain] org.apache.catalina.core.StandardEngine  : Starting Servlet engine: [Apache Tomcat/9.0.63]
2022-07-02 10:33:14.589  INFO 30468 --- [restartedMain] o.a.c.c.C.[.[localhost].[/DevelopAdmin]  : Initializing Spring embedded WebApplicationContext
2022-07-02 10:33:14.589  INFO 30468 --- [restartedMain] w.s.c.ServletWebServerApplicationContext : Root WebApplicationContext: initialization completed in 193 ms
2022-07-02 10:33:14.620  INFO 30468 --- [restartedMain] o.hibernate.jpa.internal.util.LogHelper  : HHH000204: Processing PersistenceUnitInfo [name: default]
2022-07-02 10:33:14.625  INFO 30468 --- [restartedMain] com.zaxxer.hikari.HikariDataSource       : HikariPool-7 - Starting...
2022-07-02 10:33:14.633  INFO 30468 --- [restartedMain] com.zaxxer.hikari.HikariDataSource       : HikariPool-7 - Start completed.
2022-07-02 10:33:14.633  INFO 30468 --- [restartedMain] org.hibernate.dialect.Dialect            : HHH000400: Using dialect: org.hibernate.dialect.MySQL8Dialect
2022-07-02 10:33:14.693  INFO 30468 --- [restartedMain] o.h.e.t.j.p.i.JtaPlatformInitiator       : HHH000490: Using JtaPlatform implementation: [org.hibernate.engine.transaction.jta.platform.internal.NoJtaPlatform]
2022-07-02 10:33:14.693  INFO 30468 --- [restartedMain] j.LocalContainerEntityManagerFactoryBean : Initialized JPA EntityManagerFactory for persistence unit 'default'
2022-07-02 10:33:14.706  WARN 30468 --- [restartedMain] JpaBaseConfiguration$JpaWebConfiguration : spring.jpa.open-in-view is enabled by default. Therefore, database queries may be performed during view rendering. Explicitly configure spring.jpa.open-in-view to disable this warning
2022-07-02 10:33:14.772  WARN 30468 --- [restartedMain] o.s.s.c.a.web.builders.WebSecurity       : You are asking Spring Security to ignore Ant [pattern='/css/**']. This is not recommended -- please use permitAll via HttpSecurity#authorizeHttpRequests instead.
2022-07-02 10:33:14.772  INFO 30468 --- [restartedMain] o.s.s.web.DefaultSecurityFilterChain     : Will not secure Ant [pattern='/css/**']
2022-07-02 10:33:14.772  WARN 30468 --- [restartedMain] o.s.s.c.a.web.builders.WebSecurity       : You are asking Spring Security to ignore Ant [pattern='/fonts/**']. This is not recommended -- please use permitAll via HttpSecurity#authorizeHttpRequests instead.
2022-07-02 10:33:14.772  INFO 30468 --- [restartedMain] o.s.s.web.DefaultSecurityFilterChain     : Will not secure Ant [pattern='/fonts/**']
2022-07-02 10:33:14.772  WARN 30468 --- [restartedMain] o.s.s.c.a.web.builders.WebSecurity       : You are asking Spring Security to ignore Ant [pattern='/images/**']. This is not recommended -- please use permitAll via HttpSecurity#authorizeHttpRequests instead.
2022-07-02 10:33:14.772  INFO 30468 --- [restartedMain] o.s.s.web.DefaultSecurityFilterChain     : Will not secure Ant [pattern='/images/**']
2022-07-02 10:33:14.772  WARN 30468 --- [restartedMain] o.s.s.c.a.web.builders.WebSecurity       : You are asking Spring Security to ignore Ant [pattern='/js/**']. This is not recommended -- please use permitAll via HttpSecurity#authorizeHttpRequests instead.
2022-07-02 10:33:14.772  INFO 30468 --- [restartedMain] o.s.s.web.DefaultSecurityFilterChain     : Will not secure Ant [pattern='/js/**']
2022-07-02 10:33:14.772  WARN 30468 --- [restartedMain] o.s.s.c.a.web.builders.WebSecurity       : You are asking Spring Security to ignore Ant [pattern='/vendor/**']. This is not recommended -- please use permitAll via HttpSecurity#authorizeHttpRequests instead.
2022-07-02 10:33:14.772  INFO 30468 --- [restartedMain] o.s.s.web.DefaultSecurityFilterChain     : Will not secure Ant [pattern='/vendor/**']
2022-07-02 10:33:14.772  WARN 30468 --- [restartedMain] o.s.s.c.a.web.builders.WebSecurity       : You are asking Spring Security to ignore Ant [pattern='/webjars/**']. This is not recommended -- please use permitAll via HttpSecurity#authorizeHttpRequests instead.
2022-07-02 10:33:14.772  INFO 30468 --- [restartedMain] o.s.s.web.DefaultSecurityFilterChain     : Will not secure Ant [pattern='/webjars/**']
2022-07-02 10:33:14.777  INFO 30468 --- [restartedMain] o.s.s.web.DefaultSecurityFilterChain     : Will secure any request with [org.springframework.security.web.session.DisableEncodeUrlFilter@56fbb05f, org.springframework.security.web.context.request.async.WebAsyncManagerIntegrationFilter@601f1162, org.springframework.security.web.context.SecurityContextPersistenceFilter@148f0768, org.springframework.security.web.header.HeaderWriterFilter@3aacfbba, org.springframework.security.web.csrf.CsrfFilter@456a098d, org.springframework.security.web.authentication.logout.LogoutFilter@5817a09c, org.springframework.security.web.authentication.UsernamePasswordAuthenticationFilter@29f2de5f, org.springframework.security.web.savedrequest.RequestCacheAwareFilter@a39e575, org.springframework.security.web.servletapi.SecurityContextHolderAwareRequestFilter@5715aea3, org.springframework.security.web.authentication.rememberme.RememberMeAuthenticationFilter@4c0498bd, org.springframework.security.web.authentication.AnonymousAuthenticationFilter@5f202b18, org.springframework.security.web.session.SessionManagementFilter@1bc50b3, org.springframework.security.web.access.ExceptionTranslationFilter@696ef8d4, org.springframework.security.web.access.intercept.AuthorizationFilter@675a211b]
2022-07-02 10:33:14.807  INFO 30468 --- [restartedMain] o.s.b.a.w.s.WelcomePageHandlerMapping    : Adding welcome page template: index
2022-07-02 10:33:15.071  INFO 30468 --- [restartedMain] o.s.b.d.a.OptionalLiveReloadServer       : LiveReload server is running on port 35729
2022-07-02 10:33:15.080  INFO 30468 --- [restartedMain] o.s.b.w.embedded.tomcat.TomcatWebServer  : Tomcat started on port(s): 8080 (http) with context path '/DevelopAdmin'
2022-07-02 10:33:15.084  INFO 30468 --- [restartedMain] c.d.admin.DevelopBackEndApplication      : Started DevelopBackEndApplication in 0.705 seconds (JVM running for 1950.742)
2022-07-02 10:33:15.086  INFO 30468 --- [restartedMain] .ConditionEvaluationDeltaLoggingListener : Condition evaluation unchanged
2022-07-02 10:34:20.517  INFO 30468 --- [Thread-27] j.LocalContainerEntityManagerFactoryBean : Closing JPA EntityManagerFactory for persistence unit 'default'
2022-07-02 10:34:20.518  INFO 30468 --- [Thread-27] com.zaxxer.hikari.HikariDataSource       : HikariPool-7 - Shutdown initiated...
2022-07-02 10:34:20.520  INFO 30468 --- [Thread-27] com.zaxxer.hikari.HikariDataSource       : HikariPool-7 - Shutdown completed.
2022-07-02 10:34:20.577  INFO 30468 --- [restartedMain] c.d.admin.DevelopBackEndApplication      : Starting DevelopBackEndApplication using Java 17.0.2 on Admin with PID 30468 (E:\nghia\Developer\developer\DevelopWebParent\DevelopBackEnd\target\classes started by Nghia in E:\nghia\Developer\developer\DevelopWebParent\DevelopBackEnd)
2022-07-02 10:34:20.577  INFO 30468 --- [restartedMain] c.d.admin.DevelopBackEndApplication      : No active profile set, falling back to 1 default profile: "default"
2022-07-02 10:34:20.695  INFO 30468 --- [restartedMain] .s.d.r.c.RepositoryConfigurationDelegate : Bootstrapping Spring Data JPA repositories in DEFAULT mode.
2022-07-02 10:34:20.706  INFO 30468 --- [restartedMain] .s.d.r.c.RepositoryConfigurationDelegate : Finished Spring Data repository scanning in 10 ms. Found 5 JPA repository interfaces.
2022-07-02 10:34:20.769  INFO 30468 --- [restartedMain] o.s.b.w.embedded.tomcat.TomcatWebServer  : Tomcat initialized with port(s): 8080 (http)
2022-07-02 10:34:20.769  INFO 30468 --- [restartedMain] o.apache.catalina.core.StandardService   : Starting service [Tomcat]
2022-07-02 10:34:20.769  INFO 30468 --- [restartedMain] org.apache.catalina.core.StandardEngine  : Starting Servlet engine: [Apache Tomcat/9.0.63]
2022-07-02 10:34:20.795  INFO 30468 --- [restartedMain] o.a.c.c.C.[.[localhost].[/DevelopAdmin]  : Initializing Spring embedded WebApplicationContext
2022-07-02 10:34:20.795  INFO 30468 --- [restartedMain] w.s.c.ServletWebServerApplicationContext : Root WebApplicationContext: initialization completed in 217 ms
2022-07-02 10:34:20.819  INFO 30468 --- [restartedMain] o.hibernate.jpa.internal.util.LogHelper  : HHH000204: Processing PersistenceUnitInfo [name: default]
2022-07-02 10:34:20.823  INFO 30468 --- [restartedMain] com.zaxxer.hikari.HikariDataSource       : HikariPool-8 - Starting...
2022-07-02 10:34:20.832  INFO 30468 --- [restartedMain] com.zaxxer.hikari.HikariDataSource       : HikariPool-8 - Start completed.
2022-07-02 10:34:20.832  INFO 30468 --- [restartedMain] org.hibernate.dialect.Dialect            : HHH000400: Using dialect: org.hibernate.dialect.MySQL8Dialect
2022-07-02 10:34:20.895  INFO 30468 --- [restartedMain] o.h.e.t.j.p.i.JtaPlatformInitiator       : HHH000490: Using JtaPlatform implementation: [org.hibernate.engine.transaction.jta.platform.internal.NoJtaPlatform]
2022-07-02 10:34:20.895  INFO 30468 --- [restartedMain] j.LocalContainerEntityManagerFactoryBean : Initialized JPA EntityManagerFactory for persistence unit 'default'
2022-07-02 10:34:20.909  WARN 30468 --- [restartedMain] JpaBaseConfiguration$JpaWebConfiguration : spring.jpa.open-in-view is enabled by default. Therefore, database queries may be performed during view rendering. Explicitly configure spring.jpa.open-in-view to disable this warning
2022-07-02 10:34:20.991  WARN 30468 --- [restartedMain] o.s.s.c.a.web.builders.WebSecurity       : You are asking Spring Security to ignore Ant [pattern='/css/**']. This is not recommended -- please use permitAll via HttpSecurity#authorizeHttpRequests instead.
2022-07-02 10:34:20.991  INFO 30468 --- [restartedMain] o.s.s.web.DefaultSecurityFilterChain     : Will not secure Ant [pattern='/css/**']
2022-07-02 10:34:20.991  WARN 30468 --- [restartedMain] o.s.s.c.a.web.builders.WebSecurity       : You are asking Spring Security to ignore Ant [pattern='/fonts/**']. This is not recommended -- please use permitAll via HttpSecurity#authorizeHttpRequests instead.
2022-07-02 10:34:20.991  INFO 30468 --- [restartedMain] o.s.s.web.DefaultSecurityFilterChain     : Will not secure Ant [pattern='/fonts/**']
2022-07-02 10:34:20.991  WARN 30468 --- [restartedMain] o.s.s.c.a.web.builders.WebSecurity       : You are asking Spring Security to ignore Ant [pattern='/images/**']. This is not recommended -- please use permitAll via HttpSecurity#authorizeHttpRequests instead.
2022-07-02 10:34:20.991  INFO 30468 --- [restartedMain] o.s.s.web.DefaultSecurityFilterChain     : Will not secure Ant [pattern='/images/**']
2022-07-02 10:34:20.991  WARN 30468 --- [restartedMain] o.s.s.c.a.web.builders.WebSecurity       : You are asking Spring Security to ignore Ant [pattern='/js/**']. This is not recommended -- please use permitAll via HttpSecurity#authorizeHttpRequests instead.
2022-07-02 10:34:20.991  INFO 30468 --- [restartedMain] o.s.s.web.DefaultSecurityFilterChain     : Will not secure Ant [pattern='/js/**']
2022-07-02 10:34:20.991  WARN 30468 --- [restartedMain] o.s.s.c.a.web.builders.WebSecurity       : You are asking Spring Security to ignore Ant [pattern='/vendor/**']. This is not recommended -- please use permitAll via HttpSecurity#authorizeHttpRequests instead.
2022-07-02 10:34:20.991  INFO 30468 --- [restartedMain] o.s.s.web.DefaultSecurityFilterChain     : Will not secure Ant [pattern='/vendor/**']
2022-07-02 10:34:20.991  WARN 30468 --- [restartedMain] o.s.s.c.a.web.builders.WebSecurity       : You are asking Spring Security to ignore Ant [pattern='/webjars/**']. This is not recommended -- please use permitAll via HttpSecurity#authorizeHttpRequests instead.
2022-07-02 10:34:20.991  INFO 30468 --- [restartedMain] o.s.s.web.DefaultSecurityFilterChain     : Will not secure Ant [pattern='/webjars/**']
2022-07-02 10:34:20.997  INFO 30468 --- [restartedMain] o.s.s.web.DefaultSecurityFilterChain     : Will secure any request with [org.springframework.security.web.session.DisableEncodeUrlFilter@7ec1ae90, org.springframework.security.web.context.request.async.WebAsyncManagerIntegrationFilter@19a32817, org.springframework.security.web.context.SecurityContextPersistenceFilter@408a0fff, org.springframework.security.web.header.HeaderWriterFilter@6bd553b2, org.springframework.security.web.csrf.CsrfFilter@7d06e750, org.springframework.security.web.authentication.logout.LogoutFilter@397197e4, org.springframework.security.web.authentication.UsernamePasswordAuthenticationFilter@336b4196, org.springframework.security.web.savedrequest.RequestCacheAwareFilter@34601229, org.springframework.security.web.servletapi.SecurityContextHolderAwareRequestFilter@75698fd4, org.springframework.security.web.authentication.rememberme.RememberMeAuthenticationFilter@1c09d0d, org.springframework.security.web.authentication.AnonymousAuthenticationFilter@70adad44, org.springframework.security.web.session.SessionManagementFilter@a7c5587, org.springframework.security.web.access.ExceptionTranslationFilter@57447b5c, org.springframework.security.web.access.intercept.AuthorizationFilter@7b2384c3]
2022-07-02 10:34:21.027  INFO 30468 --- [restartedMain] o.s.b.a.w.s.WelcomePageHandlerMapping    : Adding welcome page template: index
2022-07-02 10:34:21.279  INFO 30468 --- [restartedMain] o.s.b.d.a.OptionalLiveReloadServer       : LiveReload server is running on port 35729
2022-07-02 10:34:21.286  INFO 30468 --- [restartedMain] o.s.b.w.embedded.tomcat.TomcatWebServer  : Tomcat started on port(s): 8080 (http) with context path '/DevelopAdmin'
2022-07-02 10:34:21.290  INFO 30468 --- [restartedMain] c.d.admin.DevelopBackEndApplication      : Started DevelopBackEndApplication in 0.732 seconds (JVM running for 2016.948)
2022-07-02 10:34:21.291  INFO 30468 --- [restartedMain] .ConditionEvaluationDeltaLoggingListener : Condition evaluation unchanged
2022-07-02 10:34:54.210  INFO 30468 --- [Thread-31] j.LocalContainerEntityManagerFactoryBean : Closing JPA EntityManagerFactory for persistence unit 'default'
2022-07-02 10:34:54.211  INFO 30468 --- [Thread-31] com.zaxxer.hikari.HikariDataSource       : HikariPool-8 - Shutdown initiated...
2022-07-02 10:34:54.213  INFO 30468 --- [Thread-31] com.zaxxer.hikari.HikariDataSource       : HikariPool-8 - Shutdown completed.
2022-07-02 10:34:54.261  INFO 30468 --- [restartedMain] c.d.admin.DevelopBackEndApplication      : Starting DevelopBackEndApplication using Java 17.0.2 on Admin with PID 30468 (E:\nghia\Developer\developer\DevelopWebParent\DevelopBackEnd\target\classes started by Nghia in E:\nghia\Developer\developer\DevelopWebParent\DevelopBackEnd)
2022-07-02 10:34:54.261  INFO 30468 --- [restartedMain] c.d.admin.DevelopBackEndApplication      : No active profile set, falling back to 1 default profile: "default"
2022-07-02 10:34:54.371  INFO 30468 --- [restartedMain] .s.d.r.c.RepositoryConfigurationDelegate : Bootstrapping Spring Data JPA repositories in DEFAULT mode.
2022-07-02 10:34:54.381  INFO 30468 --- [restartedMain] .s.d.r.c.RepositoryConfigurationDelegate : Finished Spring Data repository scanning in 10 ms. Found 5 JPA repository interfaces.
2022-07-02 10:34:54.439  INFO 30468 --- [restartedMain] o.s.b.w.embedded.tomcat.TomcatWebServer  : Tomcat initialized with port(s): 8080 (http)
2022-07-02 10:34:54.439  INFO 30468 --- [restartedMain] o.apache.catalina.core.StandardService   : Starting service [Tomcat]
2022-07-02 10:34:54.440  INFO 30468 --- [restartedMain] org.apache.catalina.core.StandardEngine  : Starting Servlet engine: [Apache Tomcat/9.0.63]
2022-07-02 10:34:54.456  INFO 30468 --- [restartedMain] o.a.c.c.C.[.[localhost].[/DevelopAdmin]  : Initializing Spring embedded WebApplicationContext
2022-07-02 10:34:54.456  INFO 30468 --- [restartedMain] w.s.c.ServletWebServerApplicationContext : Root WebApplicationContext: initialization completed in 194 ms
2022-07-02 10:34:54.486  INFO 30468 --- [restartedMain] o.hibernate.jpa.internal.util.LogHelper  : HHH000204: Processing PersistenceUnitInfo [name: default]
2022-07-02 10:34:54.490  INFO 30468 --- [restartedMain] com.zaxxer.hikari.HikariDataSource       : HikariPool-9 - Starting...
2022-07-02 10:34:54.498  INFO 30468 --- [restartedMain] com.zaxxer.hikari.HikariDataSource       : HikariPool-9 - Start completed.
2022-07-02 10:34:54.499  INFO 30468 --- [restartedMain] org.hibernate.dialect.Dialect            : HHH000400: Using dialect: org.hibernate.dialect.MySQL8Dialect
2022-07-02 10:34:54.560  INFO 30468 --- [restartedMain] o.h.e.t.j.p.i.JtaPlatformInitiator       : HHH000490: Using JtaPlatform implementation: [org.hibernate.engine.transaction.jta.platform.internal.NoJtaPlatform]
2022-07-02 10:34:54.560  INFO 30468 --- [restartedMain] j.LocalContainerEntityManagerFactoryBean : Initialized JPA EntityManagerFactory for persistence unit 'default'
2022-07-02 10:34:54.572  WARN 30468 --- [restartedMain] JpaBaseConfiguration$JpaWebConfiguration : spring.jpa.open-in-view is enabled by default. Therefore, database queries may be performed during view rendering. Explicitly configure spring.jpa.open-in-view to disable this warning
2022-07-02 10:34:54.643  WARN 30468 --- [restartedMain] o.s.s.c.a.web.builders.WebSecurity       : You are asking Spring Security to ignore Ant [pattern='/css/**']. This is not recommended -- please use permitAll via HttpSecurity#authorizeHttpRequests instead.
2022-07-02 10:34:54.643  INFO 30468 --- [restartedMain] o.s.s.web.DefaultSecurityFilterChain     : Will not secure Ant [pattern='/css/**']
2022-07-02 10:34:54.643  WARN 30468 --- [restartedMain] o.s.s.c.a.web.builders.WebSecurity       : You are asking Spring Security to ignore Ant [pattern='/fonts/**']. This is not recommended -- please use permitAll via HttpSecurity#authorizeHttpRequests instead.
2022-07-02 10:34:54.643  INFO 30468 --- [restartedMain] o.s.s.web.DefaultSecurityFilterChain     : Will not secure Ant [pattern='/fonts/**']
2022-07-02 10:34:54.643  WARN 30468 --- [restartedMain] o.s.s.c.a.web.builders.WebSecurity       : You are asking Spring Security to ignore Ant [pattern='/images/**']. This is not recommended -- please use permitAll via HttpSecurity#authorizeHttpRequests instead.
2022-07-02 10:34:54.643  INFO 30468 --- [restartedMain] o.s.s.web.DefaultSecurityFilterChain     : Will not secure Ant [pattern='/images/**']
2022-07-02 10:34:54.643  WARN 30468 --- [restartedMain] o.s.s.c.a.web.builders.WebSecurity       : You are asking Spring Security to ignore Ant [pattern='/js/**']. This is not recommended -- please use permitAll via HttpSecurity#authorizeHttpRequests instead.
2022-07-02 10:34:54.643  INFO 30468 --- [restartedMain] o.s.s.web.DefaultSecurityFilterChain     : Will not secure Ant [pattern='/js/**']
2022-07-02 10:34:54.643  WARN 30468 --- [restartedMain] o.s.s.c.a.web.builders.WebSecurity       : You are asking Spring Security to ignore Ant [pattern='/vendor/**']. This is not recommended -- please use permitAll via HttpSecurity#authorizeHttpRequests instead.
2022-07-02 10:34:54.643  INFO 30468 --- [restartedMain] o.s.s.web.DefaultSecurityFilterChain     : Will not secure Ant [pattern='/vendor/**']
2022-07-02 10:34:54.643  WARN 30468 --- [restartedMain] o.s.s.c.a.web.builders.WebSecurity       : You are asking Spring Security to ignore Ant [pattern='/webjars/**']. This is not recommended -- please use permitAll via HttpSecurity#authorizeHttpRequests instead.
2022-07-02 10:34:54.643  INFO 30468 --- [restartedMain] o.s.s.web.DefaultSecurityFilterChain     : Will not secure Ant [pattern='/webjars/**']
2022-07-02 10:34:54.648  INFO 30468 --- [restartedMain] o.s.s.web.DefaultSecurityFilterChain     : Will secure any request with [org.springframework.security.web.session.DisableEncodeUrlFilter@9490bfa, org.springframework.security.web.context.request.async.WebAsyncManagerIntegrationFilter@2395bf7f, org.springframework.security.web.context.SecurityContextPersistenceFilter@5c90e553, org.springframework.security.web.header.HeaderWriterFilter@73395398, org.springframework.security.web.csrf.CsrfFilter@1f7aac4d, org.springframework.security.web.authentication.logout.LogoutFilter@3f07d4e2, org.springframework.security.web.authentication.UsernamePasswordAuthenticationFilter@33e124c5, org.springframework.security.web.savedrequest.RequestCacheAwareFilter@5ae79f41, org.springframework.security.web.servletapi.SecurityContextHolderAwareRequestFilter@63fba216, org.springframework.security.web.authentication.rememberme.RememberMeAuthenticationFilter@3240469f, org.springframework.security.web.authentication.AnonymousAuthenticationFilter@196860c4, org.springframework.security.web.session.SessionManagementFilter@16c22b02, org.springframework.security.web.access.ExceptionTranslationFilter@e711010, org.springframework.security.web.access.intercept.AuthorizationFilter@67a9abff]
2022-07-02 10:34:54.678  INFO 30468 --- [restartedMain] o.s.b.a.w.s.WelcomePageHandlerMapping    : Adding welcome page template: index
2022-07-02 10:34:54.933  INFO 30468 --- [restartedMain] o.s.b.d.a.OptionalLiveReloadServer       : LiveReload server is running on port 35729
2022-07-02 10:34:54.942  INFO 30468 --- [restartedMain] o.s.b.w.embedded.tomcat.TomcatWebServer  : Tomcat started on port(s): 8080 (http) with context path '/DevelopAdmin'
2022-07-02 10:34:54.947  INFO 30468 --- [restartedMain] c.d.admin.DevelopBackEndApplication      : Started DevelopBackEndApplication in 0.702 seconds (JVM running for 2050.604)
2022-07-02 10:34:54.948  INFO 30468 --- [restartedMain] .ConditionEvaluationDeltaLoggingListener : Condition evaluation unchanged
2022-07-02 10:35:11.848  INFO 30468 --- [Thread-35] j.LocalContainerEntityManagerFactoryBean : Closing JPA EntityManagerFactory for persistence unit 'default'
2022-07-02 10:35:11.848  INFO 30468 --- [Thread-35] com.zaxxer.hikari.HikariDataSource       : HikariPool-9 - Shutdown initiated...
2022-07-02 10:35:11.850  INFO 30468 --- [Thread-35] com.zaxxer.hikari.HikariDataSource       : HikariPool-9 - Shutdown completed.
2022-07-02 10:35:11.898  INFO 30468 --- [restartedMain] c.d.admin.DevelopBackEndApplication      : Starting DevelopBackEndApplication using Java 17.0.2 on Admin with PID 30468 (E:\nghia\Developer\developer\DevelopWebParent\DevelopBackEnd\target\classes started by Nghia in E:\nghia\Developer\developer\DevelopWebParent\DevelopBackEnd)
2022-07-02 10:35:11.898  INFO 30468 --- [restartedMain] c.d.admin.DevelopBackEndApplication      : No active profile set, falling back to 1 default profile: "default"
2022-07-02 10:35:12.006  INFO 30468 --- [restartedMain] .s.d.r.c.RepositoryConfigurationDelegate : Bootstrapping Spring Data JPA repositories in DEFAULT mode.
2022-07-02 10:35:12.016  INFO 30468 --- [restartedMain] .s.d.r.c.RepositoryConfigurationDelegate : Finished Spring Data repository scanning in 9 ms. Found 5 JPA repository interfaces.
2022-07-02 10:35:12.102  INFO 30468 --- [restartedMain] o.s.b.w.embedded.tomcat.TomcatWebServer  : Tomcat initialized with port(s): 8080 (http)
2022-07-02 10:35:12.103  INFO 30468 --- [restartedMain] o.apache.catalina.core.StandardService   : Starting service [Tomcat]
2022-07-02 10:35:12.103  INFO 30468 --- [restartedMain] org.apache.catalina.core.StandardEngine  : Starting Servlet engine: [Apache Tomcat/9.0.63]
2022-07-02 10:35:12.121  INFO 30468 --- [restartedMain] o.a.c.c.C.[.[localhost].[/DevelopAdmin]  : Initializing Spring embedded WebApplicationContext
2022-07-02 10:35:12.122  INFO 30468 --- [restartedMain] w.s.c.ServletWebServerApplicationContext : Root WebApplicationContext: initialization completed in 223 ms
2022-07-02 10:35:12.149  INFO 30468 --- [restartedMain] o.hibernate.jpa.internal.util.LogHelper  : HHH000204: Processing PersistenceUnitInfo [name: default]
2022-07-02 10:35:12.153  INFO 30468 --- [restartedMain] com.zaxxer.hikari.HikariDataSource       : HikariPool-10 - Starting...
2022-07-02 10:35:12.161  INFO 30468 --- [restartedMain] com.zaxxer.hikari.HikariDataSource       : HikariPool-10 - Start completed.
2022-07-02 10:35:12.161  INFO 30468 --- [restartedMain] org.hibernate.dialect.Dialect            : HHH000400: Using dialect: org.hibernate.dialect.MySQL8Dialect
2022-07-02 10:35:12.221  INFO 30468 --- [restartedMain] o.h.e.t.j.p.i.JtaPlatformInitiator       : HHH000490: Using JtaPlatform implementation: [org.hibernate.engine.transaction.jta.platform.internal.NoJtaPlatform]
2022-07-02 10:35:12.221  INFO 30468 --- [restartedMain] j.LocalContainerEntityManagerFactoryBean : Initialized JPA EntityManagerFactory for persistence unit 'default'
2022-07-02 10:35:12.234  WARN 30468 --- [restartedMain] JpaBaseConfiguration$JpaWebConfiguration : spring.jpa.open-in-view is enabled by default. Therefore, database queries may be performed during view rendering. Explicitly configure spring.jpa.open-in-view to disable this warning
2022-07-02 10:35:12.299  WARN 30468 --- [restartedMain] o.s.s.c.a.web.builders.WebSecurity       : You are asking Spring Security to ignore Ant [pattern='/css/**']. This is not recommended -- please use permitAll via HttpSecurity#authorizeHttpRequests instead.
2022-07-02 10:35:12.299  INFO 30468 --- [restartedMain] o.s.s.web.DefaultSecurityFilterChain     : Will not secure Ant [pattern='/css/**']
2022-07-02 10:35:12.299  WARN 30468 --- [restartedMain] o.s.s.c.a.web.builders.WebSecurity       : You are asking Spring Security to ignore Ant [pattern='/fonts/**']. This is not recommended -- please use permitAll via HttpSecurity#authorizeHttpRequests instead.
2022-07-02 10:35:12.299  INFO 30468 --- [restartedMain] o.s.s.web.DefaultSecurityFilterChain     : Will not secure Ant [pattern='/fonts/**']
2022-07-02 10:35:12.299  WARN 30468 --- [restartedMain] o.s.s.c.a.web.builders.WebSecurity       : You are asking Spring Security to ignore Ant [pattern='/images/**']. This is not recommended -- please use permitAll via HttpSecurity#authorizeHttpRequests instead.
2022-07-02 10:35:12.299  INFO 30468 --- [restartedMain] o.s.s.web.DefaultSecurityFilterChain     : Will not secure Ant [pattern='/images/**']
2022-07-02 10:35:12.299  WARN 30468 --- [restartedMain] o.s.s.c.a.web.builders.WebSecurity       : You are asking Spring Security to ignore Ant [pattern='/js/**']. This is not recommended -- please use permitAll via HttpSecurity#authorizeHttpRequests instead.
2022-07-02 10:35:12.299  INFO 30468 --- [restartedMain] o.s.s.web.DefaultSecurityFilterChain     : Will not secure Ant [pattern='/js/**']
2022-07-02 10:35:12.299  WARN 30468 --- [restartedMain] o.s.s.c.a.web.builders.WebSecurity       : You are asking Spring Security to ignore Ant [pattern='/vendor/**']. This is not recommended -- please use permitAll via HttpSecurity#authorizeHttpRequests instead.
2022-07-02 10:35:12.299  INFO 30468 --- [restartedMain] o.s.s.web.DefaultSecurityFilterChain     : Will not secure Ant [pattern='/vendor/**']
2022-07-02 10:35:12.299  WARN 30468 --- [restartedMain] o.s.s.c.a.web.builders.WebSecurity       : You are asking Spring Security to ignore Ant [pattern='/webjars/**']. This is not recommended -- please use permitAll via HttpSecurity#authorizeHttpRequests instead.
2022-07-02 10:35:12.299  INFO 30468 --- [restartedMain] o.s.s.web.DefaultSecurityFilterChain     : Will not secure Ant [pattern='/webjars/**']
2022-07-02 10:35:12.309  INFO 30468 --- [restartedMain] o.s.s.web.DefaultSecurityFilterChain     : Will secure any request with [org.springframework.security.web.session.DisableEncodeUrlFilter@5ee3e62c, org.springframework.security.web.context.request.async.WebAsyncManagerIntegrationFilter@4bd10263, org.springframework.security.web.context.SecurityContextPersistenceFilter@d3cfa04, org.springframework.security.web.header.HeaderWriterFilter@6e3a3d31, org.springframework.security.web.csrf.CsrfFilter@54dac93b, org.springframework.security.web.authentication.logout.LogoutFilter@45515e63, org.springframework.security.web.authentication.UsernamePasswordAuthenticationFilter@d08fbfd, org.springframework.security.web.savedrequest.RequestCacheAwareFilter@74bcded4, org.springframework.security.web.servletapi.SecurityContextHolderAwareRequestFilter@4b50a6c7, org.springframework.security.web.authentication.rememberme.RememberMeAuthenticationFilter@42e50e79, org.springframework.security.web.authentication.AnonymousAuthenticationFilter@1ccdff7, org.springframework.security.web.session.SessionManagementFilter@f2d79cb, org.springframework.security.web.access.ExceptionTranslationFilter@195c14bb, org.springframework.security.web.access.intercept.AuthorizationFilter@192190db]
2022-07-02 10:35:12.336  INFO 30468 --- [restartedMain] o.s.b.a.w.s.WelcomePageHandlerMapping    : Adding welcome page template: index
2022-07-02 10:35:12.573  INFO 30468 --- [restartedMain] o.s.b.d.a.OptionalLiveReloadServer       : LiveReload server is running on port 35729
2022-07-02 10:35:12.581  INFO 30468 --- [restartedMain] o.s.b.w.embedded.tomcat.TomcatWebServer  : Tomcat started on port(s): 8080 (http) with context path '/DevelopAdmin'
2022-07-02 10:35:12.585  INFO 30468 --- [restartedMain] c.d.admin.DevelopBackEndApplication      : Started DevelopBackEndApplication in 0.702 seconds (JVM running for 2068.242)
2022-07-02 10:35:12.586  INFO 30468 --- [restartedMain] .ConditionEvaluationDeltaLoggingListener : Condition evaluation unchanged
2022-07-02 10:35:30.218  INFO 30468 --- [RMI TCP Connection(64)-127.0.0.1] inMXBeanRegistrar$SpringApplicationAdmin : Application shutdown requested.
2022-07-02 10:35:30.226  INFO 30468 --- [RMI TCP Connection(64)-127.0.0.1] j.LocalContainerEntityManagerFactoryBean : Closing JPA EntityManagerFactory for persistence unit 'default'
2022-07-02 10:35:30.226  INFO 30468 --- [RMI TCP Connection(64)-127.0.0.1] com.zaxxer.hikari.HikariDataSource       : HikariPool-10 - Shutdown initiated...
2022-07-02 10:35:30.228  INFO 30468 --- [RMI TCP Connection(64)-127.0.0.1] com.zaxxer.hikari.HikariDataSource       : HikariPool-10 - Shutdown completed.
2022-07-02 10:35:33.461  INFO 29064 --- [restartedMain] c.d.admin.DevelopBackEndApplication      : Starting DevelopBackEndApplication using Java 17.0.2 on Admin with PID 29064 (E:\nghia\Developer\developer\DevelopWebParent\DevelopBackEnd\target\classes started by Nghia in E:\nghia\Developer\developer\DevelopWebParent\DevelopBackEnd)
2022-07-02 10:35:33.462  INFO 29064 --- [restartedMain] c.d.admin.DevelopBackEndApplication      : No active profile set, falling back to 1 default profile: "default"
2022-07-02 10:35:33.498  INFO 29064 --- [restartedMain] .e.DevToolsPropertyDefaultsPostProcessor : Devtools property defaults active! Set 'spring.devtools.add-properties' to 'false' to disable
2022-07-02 10:35:33.498  INFO 29064 --- [restartedMain] .e.DevToolsPropertyDefaultsPostProcessor : For additional web related logging consider setting the 'logging.level.web' property to 'DEBUG'
2022-07-02 10:35:33.938  INFO 29064 --- [restartedMain] .s.d.r.c.RepositoryConfigurationDelegate : Bootstrapping Spring Data JPA repositories in DEFAULT mode.
2022-07-02 10:35:33.982  INFO 29064 --- [restartedMain] .s.d.r.c.RepositoryConfigurationDelegate : Finished Spring Data repository scanning in 36 ms. Found 5 JPA repository interfaces.
2022-07-02 10:35:34.408  INFO 29064 --- [restartedMain] o.s.b.w.embedded.tomcat.TomcatWebServer  : Tomcat initialized with port(s): 8080 (http)
2022-07-02 10:35:34.416  INFO 29064 --- [restartedMain] o.apache.catalina.core.StandardService   : Starting service [Tomcat]
2022-07-02 10:35:34.416  INFO 29064 --- [restartedMain] org.apache.catalina.core.StandardEngine  : Starting Servlet engine: [Apache Tomcat/9.0.63]
2022-07-02 10:35:34.485  INFO 29064 --- [restartedMain] o.a.c.c.C.[.[localhost].[/DevelopAdmin]  : Initializing Spring embedded WebApplicationContext
2022-07-02 10:35:34.485  INFO 29064 --- [restartedMain] w.s.c.ServletWebServerApplicationContext : Root WebApplicationContext: initialization completed in 986 ms
2022-07-02 10:35:34.627  INFO 29064 --- [restartedMain] o.hibernate.jpa.internal.util.LogHelper  : HHH000204: Processing PersistenceUnitInfo [name: default]
2022-07-02 10:35:34.666  INFO 29064 --- [restartedMain] org.hibernate.Version                    : HHH000412: Hibernate ORM core version 5.6.9.Final
2022-07-02 10:35:34.791  INFO 29064 --- [restartedMain] o.hibernate.annotations.common.Version   : HCANN000001: Hibernate Commons Annotations {5.1.2.Final}
2022-07-02 10:35:34.868  INFO 29064 --- [restartedMain] com.zaxxer.hikari.HikariDataSource       : HikariPool-1 - Starting...
2022-07-02 10:35:35.102  INFO 29064 --- [restartedMain] com.zaxxer.hikari.HikariDataSource       : HikariPool-1 - Start completed.
2022-07-02 10:35:35.114  INFO 29064 --- [restartedMain] org.hibernate.dialect.Dialect            : HHH000400: Using dialect: org.hibernate.dialect.MySQL8Dialect
2022-07-02 10:35:35.662  INFO 29064 --- [restartedMain] o.h.e.t.j.p.i.JtaPlatformInitiator       : HHH000490: Using JtaPlatform implementation: [org.hibernate.engine.transaction.jta.platform.internal.NoJtaPlatform]
2022-07-02 10:35:35.668  INFO 29064 --- [restartedMain] j.LocalContainerEntityManagerFactoryBean : Initialized JPA EntityManagerFactory for persistence unit 'default'
2022-07-02 10:35:35.707  WARN 29064 --- [restartedMain] JpaBaseConfiguration$JpaWebConfiguration : spring.jpa.open-in-view is enabled by default. Therefore, database queries may be performed during view rendering. Explicitly configure spring.jpa.open-in-view to disable this warning
2022-07-02 10:35:36.141  WARN 29064 --- [restartedMain] o.s.s.c.a.web.builders.WebSecurity       : You are asking Spring Security to ignore Ant [pattern='/css/**']. This is not recommended -- please use permitAll via HttpSecurity#authorizeHttpRequests instead.
2022-07-02 10:35:36.142  INFO 29064 --- [restartedMain] o.s.s.web.DefaultSecurityFilterChain     : Will not secure Ant [pattern='/css/**']
2022-07-02 10:35:36.142  WARN 29064 --- [restartedMain] o.s.s.c.a.web.builders.WebSecurity       : You are asking Spring Security to ignore Ant [pattern='/fonts/**']. This is not recommended -- please use permitAll via HttpSecurity#authorizeHttpRequests instead.
2022-07-02 10:35:36.142  INFO 29064 --- [restartedMain] o.s.s.web.DefaultSecurityFilterChain     : Will not secure Ant [pattern='/fonts/**']
2022-07-02 10:35:36.142  WARN 29064 --- [restartedMain] o.s.s.c.a.web.builders.WebSecurity       : You are asking Spring Security to ignore Ant [pattern='/images/**']. This is not recommended -- please use permitAll via HttpSecurity#authorizeHttpRequests instead.
2022-07-02 10:35:36.142  INFO 29064 --- [restartedMain] o.s.s.web.DefaultSecurityFilterChain     : Will not secure Ant [pattern='/images/**']
2022-07-02 10:35:36.142  WARN 29064 --- [restartedMain] o.s.s.c.a.web.builders.WebSecurity       : You are asking Spring Security to ignore Ant [pattern='/js/**']. This is not recommended -- please use permitAll via HttpSecurity#authorizeHttpRequests instead.
2022-07-02 10:35:36.142  INFO 29064 --- [restartedMain] o.s.s.web.DefaultSecurityFilterChain     : Will not secure Ant [pattern='/js/**']
2022-07-02 10:35:36.142  WARN 29064 --- [restartedMain] o.s.s.c.a.web.builders.WebSecurity       : You are asking Spring Security to ignore Ant [pattern='/vendor/**']. This is not recommended -- please use permitAll via HttpSecurity#authorizeHttpRequests instead.
2022-07-02 10:35:36.142  INFO 29064 --- [restartedMain] o.s.s.web.DefaultSecurityFilterChain     : Will not secure Ant [pattern='/vendor/**']
2022-07-02 10:35:36.142  WARN 29064 --- [restartedMain] o.s.s.c.a.web.builders.WebSecurity       : You are asking Spring Security to ignore Ant [pattern='/webjars/**']. This is not recommended -- please use permitAll via HttpSecurity#authorizeHttpRequests instead.
2022-07-02 10:35:36.142  INFO 29064 --- [restartedMain] o.s.s.web.DefaultSecurityFilterChain     : Will not secure Ant [pattern='/webjars/**']
2022-07-02 10:35:36.163  INFO 29064 --- [restartedMain] o.s.s.web.DefaultSecurityFilterChain     : Will secure any request with [org.springframework.security.web.session.DisableEncodeUrlFilter@7e13511f, org.springframework.security.web.context.request.async.WebAsyncManagerIntegrationFilter@45c1cd9, org.springframework.security.web.context.SecurityContextPersistenceFilter@7c3b00a4, org.springframework.security.web.header.HeaderWriterFilter@2b14e775, org.springframework.security.web.csrf.CsrfFilter@4fc93243, org.springframework.security.web.authentication.logout.LogoutFilter@79460d8c, org.springframework.security.web.authentication.UsernamePasswordAuthenticationFilter@712e2cab, org.springframework.security.web.savedrequest.RequestCacheAwareFilter@56910629, org.springframework.security.web.servletapi.SecurityContextHolderAwareRequestFilter@5df04381, org.springframework.security.web.authentication.rememberme.RememberMeAuthenticationFilter@6adff6f0, org.springframework.security.web.authentication.AnonymousAuthenticationFilter@48270713, org.springframework.security.web.session.SessionManagementFilter@446cb77a, org.springframework.security.web.access.ExceptionTranslationFilter@2a64ad04, org.springframework.security.web.access.intercept.AuthorizationFilter@6620b334]
2022-07-02 10:35:36.267  INFO 29064 --- [restartedMain] o.s.b.a.w.s.WelcomePageHandlerMapping    : Adding welcome page template: index
2022-07-02 10:35:36.733  INFO 29064 --- [restartedMain] o.s.b.d.a.OptionalLiveReloadServer       : LiveReload server is running on port 35729
2022-07-02 10:35:36.760  INFO 29064 --- [restartedMain] o.s.b.w.embedded.tomcat.TomcatWebServer  : Tomcat started on port(s): 8080 (http) with context path '/DevelopAdmin'
2022-07-02 10:35:36.767  INFO 29064 --- [restartedMain] c.d.admin.DevelopBackEndApplication      : Started DevelopBackEndApplication in 3.574 seconds (JVM running for 4.15)
2022-07-02 10:35:53.623  INFO 29064 --- [http-nio-8080-exec-1] o.a.c.c.C.[.[localhost].[/DevelopAdmin]  : Initializing Spring DispatcherServlet 'dispatcherServlet'
2022-07-02 10:35:53.624  INFO 29064 --- [http-nio-8080-exec-1] o.s.web.servlet.DispatcherServlet        : Initializing Servlet 'dispatcherServlet'
2022-07-02 10:35:53.624  INFO 29064 --- [http-nio-8080-exec-1] o.s.web.servlet.DispatcherServlet        : Completed initialization in 0 ms
2022-07-02 10:37:10.564 ERROR 29064 --- [http-nio-8080-exec-3] com.developer.admin.FileUploadUtil       : Danh sch rng:user-photos\48
2022-07-02 10:41:35.605  INFO 29064 --- [Thread-5] j.LocalContainerEntityManagerFactoryBean : Closing JPA EntityManagerFactory for persistence unit 'default'
2022-07-02 10:41:35.608  INFO 29064 --- [Thread-5] com.zaxxer.hikari.HikariDataSource       : HikariPool-1 - Shutdown initiated...
2022-07-02 10:41:35.612  INFO 29064 --- [Thread-5] com.zaxxer.hikari.HikariDataSource       : HikariPool-1 - Shutdown completed.
